
05.31:16.01.40  INFO	ru.sfedu.staff.StaffClient:30 - [Teacher adedd.]
05.31:16.01.40  INFO	ru.sfedu.staff.StaffClient:30 - [Lesson adedd.]
05.31:16.01.40  INFO	ru.sfedu.staff.StaffClient:30 - [Lesson adedd.]
05.31:16.01.40  INFO	ru.sfedu.staff.StaffClient:30 - [Pupil adedd.]
05.31:16.01.40  INFO	ru.sfedu.staff.StaffClient:30 - [Event adedd.]
05.31:16.01.40  INFO	ru.sfedu.staff.StaffClient:30 - [Contract adedd.]
05.31:16.01.40  INFO	ru.sfedu.staff.StaffClient:229 - id - 84 name - Генадий surname - Пенкин middleName - Андреевич telephone  - 84566543443 date_of_birth - 22.12.2001 paspN - 343434 paspS - 2334 degree - test category - test specialization - Электромеханик
05.31:16.01.40  INFO	ru.sfedu.staff.StaffClient:30 - [Teacher by name found.]
05.31:16.01.40  INFO	ru.sfedu.staff.StaffClient:30 - [Lesson by title found.]
05.31:16.01.40  INFO	ru.sfedu.staff.StaffClient:30 - [Lesson by title found.]
05.31:16.01.40  INFO	ru.sfedu.staff.StaffClient:30 - [Pupil by name found.]
05.31:16.01.40  INFO	ru.sfedu.staff.StaffClient:30 - [Events by this pupil and title found.]
05.31:16.01.40  INFO	ru.sfedu.staff.StaffClient:30 - [Contract by pupil and lesson found.]
05.31:16.01.40  INFO	ru.sfedu.staff.StaffClient:30 - [Информация о педогоге с id - 84 обновлена]
05.31:16.01.40  INFO	ru.sfedu.staff.StaffClient:30 - [Информация о ученике с id - 39 обновлена]
05.31:16.01.40  INFO	ru.sfedu.staff.StaffClient:30 - [Информация о занятии обновлена]
05.31:16.01.40  INFO	ru.sfedu.staff.StaffClient:30 - [Информация о ученике с id - 39 обновлена]
05.31:16.01.40  INFO	ru.sfedu.staff.StaffClient:30 - [Информация о конкурсе с id - 47 обновлена]
05.31:16.01.40  INFO	ru.sfedu.staff.StaffClient:30 - [Информация о контракте с id - 28 обновлена]
05.31:16.01.40  INFO	ru.sfedu.staff.StaffClient:30 - [Record successfully deleted.]
05.31:16.01.40  INFO	ru.sfedu.staff.StaffClient:30 - [Record successfully deleted.]
05.31:16.01.40  INFO	ru.sfedu.staff.StaffClient:30 - [Record successfully deleted.]
05.31:16.01.40  INFO	ru.sfedu.staff.StaffClient:30 - [Record successfully deleted.]
05.31:16.01.40  INFO	ru.sfedu.staff.StaffClient:30 - [Нет конкурса с таким id]
05.31:16.01.40  INFO	ru.sfedu.staff.StaffClient:30 - [Нет контракта с таким id]
05.31:16.02.36  INFO	ru.sfedu.staff.StaffClient:30 - [Teacher adedd.]
05.31:16.02.36  INFO	ru.sfedu.staff.StaffClient:30 - [Lesson adedd.]
05.31:16.02.36  INFO	ru.sfedu.staff.StaffClient:30 - [Lesson adedd.]
05.31:16.02.36  INFO	ru.sfedu.staff.StaffClient:30 - [Pupil adedd.]
05.31:16.02.36  INFO	ru.sfedu.staff.StaffClient:30 - [Event adedd.]
05.31:16.02.36  INFO	ru.sfedu.staff.StaffClient:30 - [Contract adedd.]
05.31:16.02.36  INFO	ru.sfedu.staff.StaffClient:229 - id - 85 name - Егор surname - Некрасов middleName - Иванович telephone  - 84566543443 date_of_birth - 22.12.2001 paspN - 343434 paspS - 2334 degree - test category - test specialization - Математика
05.31:16.02.36  INFO	ru.sfedu.staff.StaffClient:30 - [Teacher by name found.]
05.31:16.02.36  INFO	ru.sfedu.staff.StaffClient:30 - [Lesson by title found.]
05.31:16.02.36  INFO	ru.sfedu.staff.StaffClient:30 - [Lesson by title found.]
05.31:16.02.36  INFO	ru.sfedu.staff.StaffClient:30 - [Pupil by name found.]
05.31:16.02.36  INFO	ru.sfedu.staff.StaffClient:30 - [Events by this pupil and title found.]
05.31:16.02.36  INFO	ru.sfedu.staff.StaffClient:30 - [Contract by pupil and lesson found.]
05.31:16.02.36  INFO	ru.sfedu.staff.StaffClient:30 - [Информация о педогоге с id - 85 обновлена]
05.31:16.02.36  INFO	ru.sfedu.staff.StaffClient:30 - [Информация о ученике с id - 40 обновлена]
05.31:16.02.36  INFO	ru.sfedu.staff.StaffClient:30 - [Информация о занятии обновлена]
05.31:16.02.36  INFO	ru.sfedu.staff.StaffClient:30 - [Информация о ученике с id - 40 обновлена]
05.31:16.02.36  INFO	ru.sfedu.staff.StaffClient:30 - [Информация о конкурсе с id - 48 обновлена]
05.31:16.02.36  INFO	ru.sfedu.staff.StaffClient:30 - [Информация о контракте с id - 29 обновлена]
05.31:16.02.36  INFO	ru.sfedu.staff.StaffClient:30 - [Record successfully deleted.]
05.31:16.02.36  INFO	ru.sfedu.staff.StaffClient:30 - [Record successfully deleted.]
05.31:16.02.36  INFO	ru.sfedu.staff.StaffClient:30 - [Record successfully deleted.]
05.31:16.02.36  INFO	ru.sfedu.staff.StaffClient:30 - [Record successfully deleted.]
05.31:16.02.36  INFO	ru.sfedu.staff.StaffClient:30 - [Нет конкурса с таким id]
05.31:16.02.36  INFO	ru.sfedu.staff.StaffClient:30 - [Нет контракта с таким id]
05.31:16.02.50  INFO	ru.sfedu.staff.StaffClient:30 - [Teacher adedd.]
05.31:16.02.50  INFO	ru.sfedu.staff.StaffClient:30 - [Lesson adedd.]
05.31:16.02.50  INFO	ru.sfedu.staff.StaffClient:30 - [Lesson adedd.]
05.31:16.02.50  INFO	ru.sfedu.staff.StaffClient:30 - [Pupil adedd.]
05.31:16.02.50  INFO	ru.sfedu.staff.StaffClient:30 - [Event adedd.]
05.31:16.02.50  INFO	ru.sfedu.staff.StaffClient:30 - [Contract adedd.]
05.31:16.02.50  INFO	ru.sfedu.staff.StaffClient:229 - id - 86 name - Егор surname - Петров middleName - Эдуардович telephone  - 84566543443 date_of_birth - 22.12.2001 paspN - 343434 paspS - 2334 degree - test category - test specialization - Прикладная информатика
05.31:16.02.50  INFO	ru.sfedu.staff.StaffClient:30 - [Teacher by name found.]
05.31:16.02.50  INFO	ru.sfedu.staff.StaffClient:30 - [Lesson by title found.]
05.31:16.02.50  INFO	ru.sfedu.staff.StaffClient:30 - [Lesson by title found.]
05.31:16.02.50  INFO	ru.sfedu.staff.StaffClient:30 - [Pupil by name found.]
05.31:16.02.51  INFO	ru.sfedu.staff.StaffClient:30 - [Events by this pupil and title found.]
05.31:16.02.51  INFO	ru.sfedu.staff.StaffClient:30 - [Contract by pupil and lesson found.]
05.31:16.02.51  INFO	ru.sfedu.staff.StaffClient:30 - [Информация о педогоге с id - 86 обновлена]
05.31:16.02.51  INFO	ru.sfedu.staff.StaffClient:30 - [Информация о ученике с id - 41 обновлена]
05.31:16.02.51  INFO	ru.sfedu.staff.StaffClient:30 - [Информация о занятии обновлена]
05.31:16.02.51  INFO	ru.sfedu.staff.StaffClient:30 - [Информация о ученике с id - 41 обновлена]
05.31:16.02.51  INFO	ru.sfedu.staff.StaffClient:30 - [Информация о конкурсе с id - 49 обновлена]
05.31:16.02.51  INFO	ru.sfedu.staff.StaffClient:30 - [Информация о контракте с id - 30 обновлена]
05.31:16.02.51  INFO	ru.sfedu.staff.StaffClient:30 - [Record successfully deleted.]
05.31:16.02.51  INFO	ru.sfedu.staff.StaffClient:30 - [Record successfully deleted.]
05.31:16.02.51  INFO	ru.sfedu.staff.StaffClient:30 - [Record successfully deleted.]
05.31:16.02.51  INFO	ru.sfedu.staff.StaffClient:30 - [Record successfully deleted.]
05.31:16.02.51  INFO	ru.sfedu.staff.StaffClient:30 - [Нет конкурса с таким id]
05.31:16.02.51  INFO	ru.sfedu.staff.StaffClient:30 - [Нет контракта с таким id]
05.31:16.03.10  INFO	ru.sfedu.staff.StaffClient:30 - [Teacher adedd.]
05.31:16.03.10  INFO	ru.sfedu.staff.StaffClient:30 - [Lesson adedd.]
05.31:16.03.10  INFO	ru.sfedu.staff.StaffClient:30 - [Lesson adedd.]
05.31:16.03.10  INFO	ru.sfedu.staff.StaffClient:30 - [Pupil adedd.]
05.31:16.03.10  INFO	ru.sfedu.staff.StaffClient:30 - [Event adedd.]
05.31:16.03.10  INFO	ru.sfedu.staff.StaffClient:30 - [Contract adedd.]
05.31:16.03.10  INFO	ru.sfedu.staff.StaffClient:229 - id - 87 name - Игнат surname - Тихонов middleName - Аркадьевич telephone  - 84566543443 date_of_birth - 22.12.2001 paspN - 343434 paspS - 2334 degree - test category - test specialization - Биология
05.31:16.03.10  INFO	ru.sfedu.staff.StaffClient:30 - [Teacher by name found.]
05.31:16.03.10  INFO	ru.sfedu.staff.StaffClient:30 - [Lesson by title found.]
05.31:16.03.10  INFO	ru.sfedu.staff.StaffClient:30 - [Lesson by title found.]
05.31:16.03.10  INFO	ru.sfedu.staff.StaffClient:30 - [Pupil by name found.]
05.31:16.03.10  INFO	ru.sfedu.staff.StaffClient:30 - [Events by this pupil and title found.]
05.31:16.03.10  INFO	ru.sfedu.staff.StaffClient:30 - [Contract by pupil and lesson found.]
05.31:16.03.10  INFO	ru.sfedu.staff.StaffClient:30 - [Информация о педогоге с id - 87 обновлена]
05.31:16.03.10  INFO	ru.sfedu.staff.StaffClient:30 - [Информация о ученике с id - 42 обновлена]
05.31:16.03.10  INFO	ru.sfedu.staff.StaffClient:30 - [Информация о занятии обновлена]
05.31:16.03.10  INFO	ru.sfedu.staff.StaffClient:30 - [Информация о ученике с id - 42 обновлена]
05.31:16.03.10  INFO	ru.sfedu.staff.StaffClient:30 - [Информация о конкурсе с id - 50 обновлена]
05.31:16.03.10  INFO	ru.sfedu.staff.StaffClient:30 - [Информация о контракте с id - 31 обновлена]
05.31:16.03.10  INFO	ru.sfedu.staff.StaffClient:30 - [Record successfully deleted.]
05.31:16.03.10  INFO	ru.sfedu.staff.StaffClient:30 - [Record successfully deleted.]
05.31:16.03.10  INFO	ru.sfedu.staff.StaffClient:30 - [Record successfully deleted.]
05.31:16.03.10  INFO	ru.sfedu.staff.StaffClient:30 - [Record successfully deleted.]
05.31:16.03.10  INFO	ru.sfedu.staff.StaffClient:30 - [Нет конкурса с таким id]
05.31:16.03.10  INFO	ru.sfedu.staff.StaffClient:30 - [Нет контракта с таким id]
05.31:16.03.48  INFO	ru.sfedu.staff.StaffClient:30 - [Teacher adedd.]
05.31:16.03.48  INFO	ru.sfedu.staff.StaffClient:30 - [Lesson adedd.]
05.31:16.03.48  INFO	ru.sfedu.staff.StaffClient:30 - [Lesson adedd.]
05.31:16.03.48  INFO	ru.sfedu.staff.StaffClient:30 - [Pupil adedd.]
05.31:16.03.48  INFO	ru.sfedu.staff.StaffClient:30 - [Event adedd.]
05.31:16.03.48  INFO	ru.sfedu.staff.StaffClient:30 - [Contract adedd.]
05.31:16.03.48  INFO	ru.sfedu.staff.StaffClient:229 - id - 88 name - Андрей surname - Мильчаков middleName - Андреевич telephone  - 84566543443 date_of_birth - 22.12.2001 paspN - 343434 paspS - 2334 degree - test category - test specialization - Электромеханик
05.31:16.03.48  INFO	ru.sfedu.staff.StaffClient:30 - [Teacher by name found.]
05.31:16.03.48  INFO	ru.sfedu.staff.StaffClient:30 - [Lesson by title found.]
05.31:16.03.48  INFO	ru.sfedu.staff.StaffClient:30 - [Lesson by title found.]
05.31:16.03.48  INFO	ru.sfedu.staff.StaffClient:30 - [Pupil by name found.]
05.31:16.03.48  INFO	ru.sfedu.staff.StaffClient:30 - [Events by this pupil and title found.]
05.31:16.03.48  INFO	ru.sfedu.staff.StaffClient:30 - [Contract by pupil and lesson found.]
05.31:16.03.48  INFO	ru.sfedu.staff.StaffClient:30 - [Информация о педогоге с id - 88 обновлена]
05.31:16.03.48  INFO	ru.sfedu.staff.StaffClient:30 - [Информация о ученике с id - 43 обновлена]
05.31:16.03.48  INFO	ru.sfedu.staff.StaffClient:30 - [Информация о занятии обновлена]
05.31:16.03.48  INFO	ru.sfedu.staff.StaffClient:30 - [Информация о ученике с id - 43 обновлена]
05.31:16.03.48  INFO	ru.sfedu.staff.StaffClient:30 - [Информация о конкурсе с id - 51 обновлена]
05.31:16.03.48  INFO	ru.sfedu.staff.StaffClient:30 - [Информация о контракте с id - 32 обновлена]
05.31:16.03.48  INFO	ru.sfedu.staff.StaffClient:30 - [Record successfully deleted.]
05.31:16.03.48  INFO	ru.sfedu.staff.StaffClient:30 - [Record successfully deleted.]
05.31:16.03.48  INFO	ru.sfedu.staff.StaffClient:30 - [Record successfully deleted.]
05.31:16.03.48  INFO	ru.sfedu.staff.StaffClient:30 - [Record successfully deleted.]
05.31:16.03.48  INFO	ru.sfedu.staff.StaffClient:30 - [Нет конкурса с таким id]
05.31:16.03.48  INFO	ru.sfedu.staff.StaffClient:30 - [Нет контракта с таким id]
05.31:16.07.06  INFO	ru.sfedu.staff.StaffClient:30 - [Teacher adedd.]
05.31:16.07.06  INFO	ru.sfedu.staff.StaffClient:30 - [Lesson adedd.]
05.31:16.07.06  INFO	ru.sfedu.staff.StaffClient:30 - [Lesson adedd.]
05.31:16.07.07  INFO	ru.sfedu.staff.StaffClient:30 - [Pupil adedd.]
05.31:16.07.07  INFO	ru.sfedu.staff.StaffClient:30 - [Event adedd.]
05.31:16.07.07  INFO	ru.sfedu.staff.StaffClient:30 - [Contract adedd.]
05.31:16.07.07  INFO	ru.sfedu.staff.StaffClient:229 - id - 89 name - Егор surname - Пенкин middleName - Иванович telephone  - 84566543443 date_of_birth - 22.12.2001 paspN - 343434 paspS - 2334 degree - test category - test specialization - История
05.31:16.07.07  INFO	ru.sfedu.staff.StaffClient:30 - [Teacher by name found.]
05.31:16.07.07  INFO	ru.sfedu.staff.StaffClient:30 - [Lesson by title found.]
05.31:16.07.07  INFO	ru.sfedu.staff.StaffClient:30 - [Lesson by title found.]
05.31:16.07.07  INFO	ru.sfedu.staff.StaffClient:30 - [Pupil by name found.]
05.31:16.07.07  INFO	ru.sfedu.staff.StaffClient:30 - [Events by this pupil and title found.]
05.31:16.07.07  INFO	ru.sfedu.staff.StaffClient:30 - [Contract by pupil and lesson found.]
05.31:16.07.07  INFO	ru.sfedu.staff.StaffClient:30 - [Информация о педогоге с id - 89 обновлена]
05.31:16.07.07  INFO	ru.sfedu.staff.StaffClient:30 - [Информация о ученике с id - 44 обновлена]
05.31:16.07.07  INFO	ru.sfedu.staff.StaffClient:30 - [Информация о занятии обновлена]
05.31:16.07.07  INFO	ru.sfedu.staff.StaffClient:30 - [Информация о ученике с id - 44 обновлена]
05.31:16.07.07  INFO	ru.sfedu.staff.StaffClient:30 - [Информация о конкурсе с id - 52 обновлена]
05.31:16.07.07  INFO	ru.sfedu.staff.StaffClient:30 - [Информация о контракте с id - 33 обновлена]
05.31:16.07.07  INFO	ru.sfedu.staff.StaffClient:30 - [Record successfully deleted.]
05.31:16.07.07  INFO	ru.sfedu.staff.StaffClient:30 - [Record successfully deleted.]
05.31:16.07.07  INFO	ru.sfedu.staff.StaffClient:30 - [Record successfully deleted.]
05.31:16.07.07  INFO	ru.sfedu.staff.StaffClient:30 - [Record successfully deleted.]
05.31:16.07.07  INFO	ru.sfedu.staff.StaffClient:30 - [Нет конкурса с таким id]
05.31:16.07.07  INFO	ru.sfedu.staff.StaffClient:30 - [Нет контракта с таким id]
05.31:18.38.24  INFO	ru.sfedu.staff.StaffClient:30 - 
05.31:18.38.24  INFO	ru.sfedu.staff.StaffClient:30 - 
05.31:18.38.24  INFO	ru.sfedu.staff.StaffClient:30 - 
05.31:18.38.24  INFO	ru.sfedu.staff.StaffClient:30 - 
05.31:18.38.24  INFO	ru.sfedu.staff.StaffClient:30 - 
05.31:18.38.24  INFO	ru.sfedu.staff.StaffClient:30 - 
05.31:18.38.26  INFO	ru.sfedu.staff.StaffClient:30 - [Teachers found.]
05.31:18.38.26  INFO	ru.sfedu.staff.StaffClient:30 - [Teachers found.]
05.31:19.06.44  INFO	ru.sfedu.staff.StaffClient:30 - [Teacher adedd.]
05.31:19.06.44  INFO	ru.sfedu.staff.StaffClient:30 - [Lesson adedd.]
05.31:19.06.44  INFO	ru.sfedu.staff.StaffClient:30 - [Lesson adedd.]
05.31:19.06.44  INFO	ru.sfedu.staff.StaffClient:30 - [Pupil adedd.]
05.31:19.06.44  INFO	ru.sfedu.staff.StaffClient:30 - [Event adedd.]
05.31:19.06.44  INFO	ru.sfedu.staff.StaffClient:30 - [Contract adedd.]
05.31:19.06.44  INFO	ru.sfedu.staff.StaffClient:229 - id - 90 name - Игнат surname - Петров middleName - Эдуардович telephone  - 84566543443 date_of_birth - 22.12.2001 paspN - 343434 paspS - 2334 degree - test category - test specialization - Электромеханик
05.31:19.06.44  INFO	ru.sfedu.staff.StaffClient:30 - [Teacher by name found.]
05.31:19.06.44  INFO	ru.sfedu.staff.StaffClient:30 - [Lesson by title found.]
05.31:19.06.44  INFO	ru.sfedu.staff.StaffClient:30 - [Lesson by title found.]
05.31:19.06.44  INFO	ru.sfedu.staff.StaffClient:30 - [Pupil by name found.]
05.31:19.06.44  INFO	ru.sfedu.staff.StaffClient:30 - [Events by this pupil and title found.]
05.31:19.06.44  INFO	ru.sfedu.staff.StaffClient:30 - [Contract by pupil and lesson found.]
05.31:19.06.44  INFO	ru.sfedu.staff.StaffClient:30 - [Информация о педогоге с id - 90 обновлена]
05.31:19.06.44  INFO	ru.sfedu.staff.StaffClient:30 - [Информация о ученике с id - 45 обновлена]
05.31:19.06.44  INFO	ru.sfedu.staff.StaffClient:30 - [Информация о занятии обновлена]
05.31:19.06.44  INFO	ru.sfedu.staff.StaffClient:30 - [Информация о ученике с id - 45 обновлена]
05.31:19.06.44  INFO	ru.sfedu.staff.StaffClient:30 - [Информация о конкурсе с id - 53 обновлена]
05.31:19.06.44  INFO	ru.sfedu.staff.StaffClient:30 - [Информация о контракте с id - 34 обновлена]
05.31:19.06.44  INFO	ru.sfedu.staff.StaffClient:30 - [Record successfully deleted.]
05.31:19.06.44  INFO	ru.sfedu.staff.StaffClient:30 - [Record successfully deleted.]
05.31:19.06.44  INFO	ru.sfedu.staff.StaffClient:30 - [Record successfully deleted.]
05.31:19.06.44  INFO	ru.sfedu.staff.StaffClient:30 - [Record successfully deleted.]
05.31:19.06.44  INFO	ru.sfedu.staff.StaffClient:30 - [Нет конкурса с таким id]
05.31:19.06.44  INFO	ru.sfedu.staff.StaffClient:30 - [Нет контракта с таким id]
05.31:19.06.55  INFO	ru.sfedu.staff.StaffClient:30 - [Teacher adedd.]
05.31:19.06.55  INFO	ru.sfedu.staff.StaffClient:30 - [Lesson adedd.]
05.31:19.06.55  INFO	ru.sfedu.staff.StaffClient:30 - [Lesson adedd.]
05.31:19.06.55  INFO	ru.sfedu.staff.StaffClient:30 - [Pupil adedd.]
05.31:19.06.55  INFO	ru.sfedu.staff.StaffClient:30 - [Event adedd.]
05.31:19.06.55  INFO	ru.sfedu.staff.StaffClient:30 - [Contract adedd.]
05.31:19.06.55  INFO	ru.sfedu.staff.StaffClient:229 - id - 91 name - Тимур surname - Петров middleName - Аркадьевич telephone  - 84566543443 date_of_birth - 22.12.2001 paspN - 343434 paspS - 2334 degree - test category - test specialization - Электромеханик
05.31:19.06.55  INFO	ru.sfedu.staff.StaffClient:30 - [Teacher by name found.]
05.31:19.06.55  INFO	ru.sfedu.staff.StaffClient:30 - [Lesson by title found.]
05.31:19.06.55  INFO	ru.sfedu.staff.StaffClient:30 - [Lesson by title found.]
05.31:19.06.55  INFO	ru.sfedu.staff.StaffClient:30 - [Pupil by name found.]
05.31:19.06.55  INFO	ru.sfedu.staff.StaffClient:30 - [Events by this pupil and title found.]
05.31:19.06.55  INFO	ru.sfedu.staff.StaffClient:30 - [Contract by pupil and lesson found.]
05.31:19.06.55  INFO	ru.sfedu.staff.StaffClient:30 - [Информация о педогоге с id - 91 обновлена]
05.31:19.06.55  INFO	ru.sfedu.staff.StaffClient:30 - [Информация о ученике с id - 46 обновлена]
05.31:19.06.55  INFO	ru.sfedu.staff.StaffClient:30 - [Информация о занятии обновлена]
05.31:19.06.55  INFO	ru.sfedu.staff.StaffClient:30 - [Информация о ученике с id - 46 обновлена]
05.31:19.06.55  INFO	ru.sfedu.staff.StaffClient:30 - [Информация о конкурсе с id - 54 обновлена]
05.31:19.06.55  INFO	ru.sfedu.staff.StaffClient:30 - [Информация о контракте с id - 35 обновлена]
05.31:19.06.55  INFO	ru.sfedu.staff.StaffClient:30 - [Record successfully deleted.]
05.31:19.06.55  INFO	ru.sfedu.staff.StaffClient:30 - [Record successfully deleted.]
05.31:19.06.55  INFO	ru.sfedu.staff.StaffClient:30 - [Record successfully deleted.]
05.31:19.06.55  INFO	ru.sfedu.staff.StaffClient:30 - [Record successfully deleted.]
05.31:19.06.55  INFO	ru.sfedu.staff.StaffClient:30 - [Нет конкурса с таким id]
05.31:19.06.55  INFO	ru.sfedu.staff.StaffClient:30 - [Нет контракта с таким id]
06.01:12.20.53  INFO	ru.sfedu.staff.StaffClient:30 - [Teachers found.]
06.01:12.20.53  INFO	ru.sfedu.staff.StaffClient:30 - [Teachers found.]
06.01:12.20.57  INFO	ru.sfedu.staff.StaffClient:30 - [Lessons found.]
06.01:12.20.58  INFO	ru.sfedu.staff.StaffClient:30 - [Pupils found.]
06.01:12.20.58  INFO	ru.sfedu.staff.StaffClient:30 - [Count of pupils in free lessons found.]
06.01:12.20.58  INFO	ru.sfedu.staff.StaffClient:30 - [Count of pupils in paid lessons found.]
06.01:12.20.58  INFO	ru.sfedu.staff.StaffClient:30 - [Count of pupils in paid lessons found.]
06.01:12.26.15  INFO	ru.sfedu.staff.StaffClient:30 - [Teachers found.]
06.01:12.26.15  INFO	ru.sfedu.staff.StaffClient:30 - [Teachers found.]
06.01:12.51.13  INFO	ru.sfedu.staff.StaffClient:30 - [Teachers found.]
06.01:12.51.13  INFO	ru.sfedu.staff.StaffClient:30 - [Teachers found.]
06.01:12.51.15  INFO	ru.sfedu.staff.StaffClient:30 - [Lessons found.]
06.01:12.51.19  INFO	ru.sfedu.staff.StaffClient:30 - [Count of pupils in paid lessons found.]
06.01:12.51.19  INFO	ru.sfedu.staff.StaffClient:30 - [Count of pupils in free lessons found.]
06.01:12.51.19  INFO	ru.sfedu.staff.StaffClient:30 - [Count of pupils in paid lessons found.]
06.01:12.51.19  INFO	ru.sfedu.staff.StaffClient:30 - [Pupils found.]
06.01:12.51.20  INFO	ru.sfedu.staff.StaffClient:30 - [Events found.]
06.01:12.51.20  INFO	ru.sfedu.staff.StaffClient:30 - [Lessons found.]
06.01:12.51.20  INFO	ru.sfedu.staff.StaffClient:30 - [Lessons found.]
06.01:12.51.21  INFO	ru.sfedu.staff.StaffClient:30 - [Events found.]
06.01:12.51.22  INFO	ru.sfedu.staff.StaffClient:30 - [Count of pupils in free lessons found.]
06.01:12.51.22  INFO	ru.sfedu.staff.StaffClient:30 - [Count of pupils in paid lessons found.]
06.01:12.51.22  INFO	ru.sfedu.staff.StaffClient:30 - [Count of pupils in paid lessons found.]
06.01:12.51.22  INFO	ru.sfedu.staff.StaffClient:30 - [Pupils found.]
06.01:12.51.23  INFO	ru.sfedu.staff.StaffClient:30 - [Lessons found.]
06.01:12.51.24  INFO	ru.sfedu.staff.StaffClient:30 - [Teachers found.]
06.01:12.51.24  INFO	ru.sfedu.staff.StaffClient:30 - [Teachers found.]
06.01:12.51.25  INFO	ru.sfedu.staff.StaffClient:30 - [Count of pupils in free lessons found.]
06.01:12.51.25  INFO	ru.sfedu.staff.StaffClient:30 - [Count of pupils in paid lessons found.]
06.01:12.51.25  INFO	ru.sfedu.staff.StaffClient:30 - [Count of pupils in paid lessons found.]
06.01:12.51.25  INFO	ru.sfedu.staff.StaffClient:30 - [Pupils found.]
06.01:12.51.27  INFO	ru.sfedu.staff.StaffClient:30 - [Events found.]
06.01:12.51.32  INFO	ru.sfedu.staff.StaffClient:30 - [Lessons found.]
06.01:12.51.32  INFO	ru.sfedu.staff.StaffClient:30 - [Lessons found.]
06.01:12.51.34  INFO	ru.sfedu.staff.StaffClient:30 - [Teachers found.]
06.01:12.51.34  INFO	ru.sfedu.staff.StaffClient:30 - [Teachers found.]
06.01:12.59.45  INFO	ru.sfedu.staff.StaffClient:30 - [Teachers found.]
06.01:12.59.45  INFO	ru.sfedu.staff.StaffClient:30 - [Teachers found.]
06.01:13.00.25  INFO	ru.sfedu.staff.StaffClient:30 - [Teachers found.]
06.01:13.00.25  INFO	ru.sfedu.staff.StaffClient:30 - [Teachers found.]
06.01:13.01.54  INFO	ru.sfedu.staff.StaffClient:30 - [Teachers found.]
06.01:13.01.54  INFO	ru.sfedu.staff.StaffClient:30 - [Teachers found.]
06.01:13.02.24  INFO	ru.sfedu.staff.StaffClient:30 - [Count of pupils in free lessons found.]
06.01:13.02.24  INFO	ru.sfedu.staff.StaffClient:30 - [Count of pupils in paid lessons found.]
06.01:13.02.24  INFO	ru.sfedu.staff.StaffClient:30 - [Count of pupils in paid lessons found.]
06.01:13.02.24  INFO	ru.sfedu.staff.StaffClient:30 - [Pupils found.]
06.01:13.02.26  INFO	ru.sfedu.staff.StaffClient:30 - [Teachers found.]
06.01:13.02.26  INFO	ru.sfedu.staff.StaffClient:30 - [Teachers found.]
06.01:13.02.45  INFO	ru.sfedu.staff.StaffClient:30 - [Count of pupils in free lessons found.]
06.01:13.02.45  INFO	ru.sfedu.staff.StaffClient:30 - [Count of pupils in paid lessons found.]
06.01:13.02.45  INFO	ru.sfedu.staff.StaffClient:30 - [Count of pupils in paid lessons found.]
06.01:13.02.45  INFO	ru.sfedu.staff.StaffClient:30 - [Pupils found.]
06.01:13.02.46  INFO	ru.sfedu.staff.StaffClient:30 - [Teachers found.]
06.01:13.02.46  INFO	ru.sfedu.staff.StaffClient:30 - [Teachers found.]
06.01:13.03.44  INFO	ru.sfedu.staff.StaffClient:30 - [Teachers found.]
06.01:13.03.44  INFO	ru.sfedu.staff.StaffClient:30 - [Teachers found.]
06.01:13.03.47  INFO	ru.sfedu.staff.StaffClient:30 - [Count of pupils in paid lessons found.]
06.01:13.03.47  INFO	ru.sfedu.staff.StaffClient:30 - [Count of pupils in paid lessons found.]
06.01:13.03.47  INFO	ru.sfedu.staff.StaffClient:30 - [Count of pupils in free lessons found.]
06.01:13.03.47  INFO	ru.sfedu.staff.StaffClient:30 - [Pupils found.]
06.01:13.03.49  INFO	ru.sfedu.staff.StaffClient:30 - [Lessons found.]
06.01:13.03.50  INFO	ru.sfedu.staff.StaffClient:30 - [Events found.]
06.01:13.03.50  INFO	ru.sfedu.staff.StaffClient:30 - [Lessons found.]
06.01:13.03.51  INFO	ru.sfedu.staff.StaffClient:30 - [Lessons found.]
06.01:13.03.52  INFO	ru.sfedu.staff.StaffClient:30 - 
06.01:13.03.52  INFO	ru.sfedu.staff.StaffClient:30 - 
06.01:13.03.52  INFO	ru.sfedu.staff.StaffClient:30 - 
06.01:13.03.52  INFO	ru.sfedu.staff.StaffClient:30 - 
06.01:13.03.52  INFO	ru.sfedu.staff.StaffClient:30 - 
06.01:13.03.52  INFO	ru.sfedu.staff.StaffClient:30 - 
06.01:13.03.54  INFO	ru.sfedu.staff.StaffClient:30 - [Teachers found.]
06.01:13.03.54  INFO	ru.sfedu.staff.StaffClient:30 - [Teachers found.]
06.01:13.03.55  INFO	ru.sfedu.staff.StaffClient:30 - [Lessons found.]
06.01:13.03.56  INFO	ru.sfedu.staff.StaffClient:30 - [Count of pupils in free lessons found.]
06.01:13.03.56  INFO	ru.sfedu.staff.StaffClient:30 - [Count of pupils in paid lessons found.]
06.01:13.03.56  INFO	ru.sfedu.staff.StaffClient:30 - [Count of pupils in paid lessons found.]
06.01:13.03.56  INFO	ru.sfedu.staff.StaffClient:30 - [Pupils found.]
06.01:13.03.57  INFO	ru.sfedu.staff.StaffClient:30 - [Teachers found.]
06.01:13.03.57  INFO	ru.sfedu.staff.StaffClient:30 - [Teachers found.]
06.01:13.21.09  INFO	ru.sfedu.staff.StaffClient:30 - [Teachers found.]
06.01:13.21.09  INFO	ru.sfedu.staff.StaffClient:30 - [Teachers found.]
06.01:13.21.40  INFO	ru.sfedu.staff.StaffClient:30 - [Teacher adedd.]
06.01:13.21.44  INFO	ru.sfedu.staff.StaffClient:30 - [Teachers found.]
06.01:13.21.44  INFO	ru.sfedu.staff.StaffClient:30 - [Teachers found.]
06.01:13.31.19  INFO	ru.sfedu.staff.StaffClient:30 - [Teachers found.]
06.01:13.31.19  INFO	ru.sfedu.staff.StaffClient:30 - [Teachers found.]
06.01:13.31.39  INFO	ru.sfedu.staff.StaffClient:30 - [Teachers found.]
06.01:13.31.39  INFO	ru.sfedu.staff.StaffClient:30 - [Teachers found.]
06.01:13.33.17  INFO	ru.sfedu.staff.StaffClient:30 - [Teachers found.]
06.01:13.33.17  INFO	ru.sfedu.staff.StaffClient:30 - [Teachers found.]
06.01:13.33.46  INFO	ru.sfedu.staff.StaffClient:30 - [Teachers found.]
06.01:13.33.46  INFO	ru.sfedu.staff.StaffClient:30 - [Teachers found.]
06.01:13.33.47  INFO	ru.sfedu.staff.StaffClient:30 - [Teachers found.]
06.01:13.33.47  INFO	ru.sfedu.staff.StaffClient:30 - [Teachers found.]
06.01:13.34.03  INFO	ru.sfedu.staff.StaffClient:30 - [Teachers found.]
06.01:13.34.03  INFO	ru.sfedu.staff.StaffClient:30 - [Teachers found.]
06.01:13.34.34  INFO	ru.sfedu.staff.StaffClient:30 - [Teachers found.]
06.01:13.34.34  INFO	ru.sfedu.staff.StaffClient:30 - [Teachers found.]
06.01:13.36.23  INFO	ru.sfedu.staff.StaffClient:30 - [Teachers found.]
06.01:13.36.23  INFO	ru.sfedu.staff.StaffClient:30 - [Teachers found.]
06.01:13.36.24  INFO	ru.sfedu.staff.StaffClient:30 - [Teachers found.]
06.01:13.36.24  INFO	ru.sfedu.staff.StaffClient:30 - [Teachers found.]
06.01:13.36.24  INFO	ru.sfedu.staff.StaffClient:30 - [Teachers found.]
06.01:13.36.24  INFO	ru.sfedu.staff.StaffClient:30 - [Teachers found.]
06.01:13.36.24  INFO	ru.sfedu.staff.StaffClient:30 - [Teachers found.]
06.01:13.36.24  INFO	ru.sfedu.staff.StaffClient:30 - [Teachers found.]
06.01:13.37.36  INFO	ru.sfedu.staff.StaffClient:30 - [Teachers found.]
06.01:13.37.36  INFO	ru.sfedu.staff.StaffClient:30 - [Teachers found.]
06.01:13.37.43  INFO	ru.sfedu.staff.StaffClient:30 - [Teacher adedd.]
06.01:13.37.45  INFO	ru.sfedu.staff.StaffClient:30 - [Teachers found.]
06.01:13.37.45  INFO	ru.sfedu.staff.StaffClient:30 - [Teachers found.]
06.01:13.50.28  INFO	ru.sfedu.staff.StaffClient:30 - [Teachers found.]
06.01:13.50.28  INFO	ru.sfedu.staff.StaffClient:30 - [Teachers found.]
06.01:13.50.54  INFO	ru.sfedu.staff.StaffClient:30 - [Teachers found.]
06.01:13.50.54  INFO	ru.sfedu.staff.StaffClient:30 - [Teachers found.]
06.01:13.51.15  INFO	ru.sfedu.staff.StaffClient:30 - [Teachers found.]
06.01:13.51.15  INFO	ru.sfedu.staff.StaffClient:30 - [Teachers found.]
06.01:13.55.44  INFO	ru.sfedu.staff.StaffClient:30 - [Teachers found.]
06.01:13.55.44  INFO	ru.sfedu.staff.StaffClient:30 - [Teachers found.]
06.01:13.56.25  INFO	ru.sfedu.staff.StaffClient:30 - [Teacher adedd.]
06.01:13.56.27  INFO	ru.sfedu.staff.StaffClient:30 - [Teachers found.]
06.01:13.56.27  INFO	ru.sfedu.staff.StaffClient:30 - [Teachers found.]
06.01:13.56.57  INFO	ru.sfedu.staff.StaffClient:30 - [Teachers found.]
06.01:13.56.57  INFO	ru.sfedu.staff.StaffClient:30 - [Teachers found.]
06.01:13.57.46  INFO	ru.sfedu.staff.StaffClient:30 - [Teacher adedd.]
06.01:13.57.48  INFO	ru.sfedu.staff.StaffClient:30 - [Teachers found.]
06.01:13.57.48  INFO	ru.sfedu.staff.StaffClient:30 - [Teachers found.]
06.01:14.03.35  INFO	ru.sfedu.staff.StaffClient:30 - [Count of pupils in paid lessons found.]
06.01:14.03.35  INFO	ru.sfedu.staff.StaffClient:30 - [Count of pupils in free lessons found.]
06.01:14.03.35  INFO	ru.sfedu.staff.StaffClient:30 - [Count of pupils in paid lessons found.]
06.01:14.03.35  INFO	ru.sfedu.staff.StaffClient:30 - [Pupils found.]
06.01:14.08.09  INFO	ru.sfedu.staff.StaffClient:30 - [Count of pupils in paid lessons found.]
06.01:14.08.09  INFO	ru.sfedu.staff.StaffClient:30 - [Count of pupils in paid lessons found.]
06.01:14.08.09  INFO	ru.sfedu.staff.StaffClient:30 - [Count of pupils in free lessons found.]
06.01:14.08.09  INFO	ru.sfedu.staff.StaffClient:30 - [Pupils found.]
06.01:14.10.04  INFO	ru.sfedu.staff.StaffClient:30 - [Count of pupils in free lessons found.]
06.01:14.10.04  INFO	ru.sfedu.staff.StaffClient:30 - [Count of pupils in paid lessons found.]
06.01:14.10.04  INFO	ru.sfedu.staff.StaffClient:30 - [Count of pupils in paid lessons found.]
06.01:14.10.04  INFO	ru.sfedu.staff.StaffClient:30 - [Pupils found.]
06.01:14.10.29  INFO	ru.sfedu.staff.StaffClient:30 - [Count of pupils in free lessons found.]
06.01:14.10.29  INFO	ru.sfedu.staff.StaffClient:30 - [Count of pupils in paid lessons found.]
06.01:14.10.29  INFO	ru.sfedu.staff.StaffClient:30 - [Count of pupils in paid lessons found.]
06.01:14.10.29  INFO	ru.sfedu.staff.StaffClient:30 - [Pupils found.]
06.01:14.11.15  INFO	ru.sfedu.staff.StaffClient:30 - [Count of pupils in free lessons found.]
06.01:14.11.15  INFO	ru.sfedu.staff.StaffClient:30 - [Count of pupils in paid lessons found.]
06.01:14.11.15  INFO	ru.sfedu.staff.StaffClient:30 - [Pupils found.]
06.01:14.11.15  INFO	ru.sfedu.staff.StaffClient:30 - [Count of pupils in paid lessons found.]
06.01:14.11.53  INFO	ru.sfedu.staff.StaffClient:30 - [Pupil adedd.]
06.01:14.14.49  INFO	ru.sfedu.staff.StaffClient:30 - [Lessons found.]
06.01:14.22.32  INFO	ru.sfedu.staff.StaffClient:30 - [Lessons found.]
06.01:14.22.55  INFO	ru.sfedu.staff.StaffClient:30 - [Lesson by title found.]
06.01:14.22.58  INFO	ru.sfedu.staff.StaffClient:30 - [Lesson by title found.]
06.01:14.23.02  INFO	ru.sfedu.staff.StaffClient:30 - [Pupils by lesson found.]
06.01:14.23.26  INFO	ru.sfedu.staff.StaffClient:30 - [Lessons found.]
06.01:14.23.35  INFO	ru.sfedu.staff.StaffClient:30 - [Teachers found.]
06.01:14.23.35  INFO	ru.sfedu.staff.StaffClient:30 - [Teachers found.]
06.01:14.23.38  INFO	ru.sfedu.staff.StaffClient:30 - [Lessons found.]
06.01:14.23.52  INFO	ru.sfedu.staff.StaffClient:30 - [Teacher by name found.]
06.01:14.25.25  INFO	ru.sfedu.staff.StaffClient:30 - [Lessons found.]
06.01:14.26.24  INFO	ru.sfedu.staff.StaffClient:30 - [Lessons found.]
06.01:14.27.35  INFO	ru.sfedu.staff.StaffClient:30 - [Lessons found.]
06.01:14.29.54  INFO	ru.sfedu.staff.StaffClient:30 - [Lessons found.]
06.01:14.30.59  INFO	ru.sfedu.staff.StaffClient:30 - [Lesson adedd.]
06.01:14.31.01  INFO	ru.sfedu.staff.StaffClient:30 - [Lessons found.]
06.01:14.33.50  INFO	ru.sfedu.staff.StaffClient:30 - [Events found.]
06.01:14.33.52  INFO	ru.sfedu.staff.StaffClient:30 - [Teachers found.]
06.01:14.33.52  INFO	ru.sfedu.staff.StaffClient:30 - [Teachers found.]
06.01:14.33.53  INFO	ru.sfedu.staff.StaffClient:30 - [Lessons found.]
06.01:14.33.54  INFO	ru.sfedu.staff.StaffClient:30 - [Count of pupils in free lessons found.]
06.01:14.33.54  INFO	ru.sfedu.staff.StaffClient:30 - [Count of pupils in paid lessons found.]
06.01:14.33.54  INFO	ru.sfedu.staff.StaffClient:30 - [Count of pupils in paid lessons found.]
06.01:14.33.54  INFO	ru.sfedu.staff.StaffClient:30 - [Pupils found.]
06.01:14.33.55  INFO	ru.sfedu.staff.StaffClient:30 - [Events found.]
06.01:14.39.27  INFO	ru.sfedu.staff.StaffClient:30 - [Events found.]
06.01:14.39.32  INFO	ru.sfedu.staff.StaffClient:30 - [Lessons found.]
06.01:14.39.33  INFO	ru.sfedu.staff.StaffClient:30 - [Count of pupils in free lessons found.]
06.01:14.39.33  INFO	ru.sfedu.staff.StaffClient:30 - [Count of pupils in paid lessons found.]
06.01:14.39.33  INFO	ru.sfedu.staff.StaffClient:30 - [Count of pupils in paid lessons found.]
06.01:14.39.33  INFO	ru.sfedu.staff.StaffClient:30 - [Pupils found.]
06.01:14.39.34  INFO	ru.sfedu.staff.StaffClient:30 - [Events found.]
06.01:14.40.02  INFO	ru.sfedu.staff.StaffClient:30 - [Event adedd.]
06.01:14.40.03  INFO	ru.sfedu.staff.StaffClient:30 - [Events found.]
06.01:14.40.27  INFO	ru.sfedu.staff.StaffClient:30 - [Lessons found.]
06.01:14.40.27  INFO	ru.sfedu.staff.StaffClient:30 - [Lessons found.]
06.01:14.44.34  INFO	ru.sfedu.staff.StaffClient:30 - [Lessons found.]
06.01:14.44.34  INFO	ru.sfedu.staff.StaffClient:30 - [Lessons found.]
06.01:14.44.43  INFO	ru.sfedu.staff.StaffClient:30 - [Count of pupils in free lessons found.]
06.01:14.44.43  INFO	ru.sfedu.staff.StaffClient:30 - [Count of pupils in paid lessons found.]
06.01:14.44.43  INFO	ru.sfedu.staff.StaffClient:30 - [Count of pupils in paid lessons found.]
06.01:14.44.43  INFO	ru.sfedu.staff.StaffClient:30 - [Pupils found.]
06.01:14.44.45  INFO	ru.sfedu.staff.StaffClient:30 - [Lessons found.]
06.01:14.44.50  INFO	ru.sfedu.staff.StaffClient:30 - [Lesson by title found.]
06.01:14.44.55  INFO	ru.sfedu.staff.StaffClient:30 - [Lessons found.]
06.01:14.44.55  INFO	ru.sfedu.staff.StaffClient:30 - [Lessons found.]
06.01:14.45.13  INFO	ru.sfedu.staff.StaffClient:30 - [Lesson by title found.]
06.01:14.45.33  INFO	ru.sfedu.staff.StaffClient:30 - [Lesson by title found.]
06.01:14.45.39  INFO	ru.sfedu.staff.StaffClient:30 - [Contract adedd.]
06.01:14.45.54  INFO	ru.sfedu.staff.StaffClient:30 - [Lessons found.]
06.01:14.45.54  INFO	ru.sfedu.staff.StaffClient:30 - [Lessons found.]
06.01:14.46.53  INFO	ru.sfedu.staff.StaffClient:30 - [Teacher adedd.]
06.01:14.46.53  INFO	ru.sfedu.staff.StaffClient:30 - [Lesson adedd.]
06.01:14.46.53  INFO	ru.sfedu.staff.StaffClient:30 - [Lesson adedd.]
06.01:14.46.53  INFO	ru.sfedu.staff.StaffClient:30 - [The record was successfully found.]
06.01:14.46.53  INFO	ru.sfedu.staff.StaffClient:229 - id - 96 name - Игнат surname - Некрасов middleName - Петрович telephone  - 84566543443 date_of_birth - 22.12.2001 paspN - 343434 paspS - 2334 degree - test category - test specialization - История
06.01:14.46.53  INFO	ru.sfedu.staff.StaffClient:30 - [Teacher by name found.]
06.01:14.46.53  INFO	ru.sfedu.staff.StaffClient:30 - [Lesson by title found.]
06.01:14.46.53  INFO	ru.sfedu.staff.StaffClient:30 - [Lesson by title found.]
06.01:14.46.53  INFO	ru.sfedu.staff.StaffClient:30 - [Pupil by name found.]
06.01:14.46.53  INFO	ru.sfedu.staff.StaffClient:30 - [There is no events by this pupil and title.]
06.01:14.46.53  INFO	ru.sfedu.staff.StaffClient:30 - [There is no contract by this pupil and lesson.]
06.01:14.46.53  INFO	ru.sfedu.staff.StaffClient:30 - [Информация о педогоге с id - 96 обновлена]
06.01:14.46.54  INFO	ru.sfedu.staff.StaffClient:30 - [Информация о ученике с id - 48 обновлена]
06.01:14.46.54  INFO	ru.sfedu.staff.StaffClient:30 - [Информация о занятии обновлена]
06.01:14.46.54  INFO	ru.sfedu.staff.StaffClient:30 - [Информация о ученике с id - 48 обновлена]
06.01:14.46.54  INFO	ru.sfedu.staff.StaffClient:30 - [Информация о конкурсе с id - 56 обновлена]
06.01:14.46.54  INFO	ru.sfedu.staff.StaffClient:30 - [Информация о контракте с id - 37 обновлена]
06.01:14.46.54  INFO	ru.sfedu.staff.StaffClient:30 - [Record successfully deleted.]
06.01:14.46.54  INFO	ru.sfedu.staff.StaffClient:30 - [Record successfully deleted.]
06.01:14.46.54  INFO	ru.sfedu.staff.StaffClient:30 - [Record successfully deleted.]
06.01:14.46.54  INFO	ru.sfedu.staff.StaffClient:30 - [Record successfully deleted.]
06.01:14.46.54  INFO	ru.sfedu.staff.StaffClient:30 - [Нет конкурса с таким id]
06.01:14.46.54  INFO	ru.sfedu.staff.StaffClient:30 - [Нет контракта с таким id]
06.01:14.47.07  INFO	ru.sfedu.staff.StaffClient:30 - [Teacher adedd.]
06.01:14.47.07  INFO	ru.sfedu.staff.StaffClient:30 - [Lesson adedd.]
06.01:14.47.07  INFO	ru.sfedu.staff.StaffClient:30 - [Lesson adedd.]
06.01:14.47.07  INFO	ru.sfedu.staff.StaffClient:30 - [Pupil adedd.]
06.01:14.47.07  INFO	ru.sfedu.staff.StaffClient:30 - [Event adedd.]
06.01:14.47.07  INFO	ru.sfedu.staff.StaffClient:30 - [Contract adedd.]
06.01:14.47.07  INFO	ru.sfedu.staff.StaffClient:229 - id - 97 name - Игорь surname - Карпатов middleName - Эдуардович telephone  - 84566543443 date_of_birth - 22.12.2001 paspN - 343434 paspS - 2334 degree - test category - test specialization - Электромеханик
06.01:14.47.07  INFO	ru.sfedu.staff.StaffClient:30 - [Teacher by name found.]
06.01:14.47.07  INFO	ru.sfedu.staff.StaffClient:30 - [Lesson by title found.]
06.01:14.47.07  INFO	ru.sfedu.staff.StaffClient:30 - [Lesson by title found.]
06.01:14.47.07  INFO	ru.sfedu.staff.StaffClient:30 - [Pupil by name found.]
06.01:14.47.07  INFO	ru.sfedu.staff.StaffClient:30 - [Events by this pupil and title found.]
06.01:14.47.07  INFO	ru.sfedu.staff.StaffClient:30 - [Contract by pupil and lesson found.]
06.01:14.47.07  INFO	ru.sfedu.staff.StaffClient:30 - [Информация о педогоге с id - 97 обновлена]
06.01:14.47.07  INFO	ru.sfedu.staff.StaffClient:30 - [Информация о ученике с id - 49 обновлена]
06.01:14.47.07  INFO	ru.sfedu.staff.StaffClient:30 - [Информация о занятии обновлена]
06.01:14.47.07  INFO	ru.sfedu.staff.StaffClient:30 - [Информация о ученике с id - 49 обновлена]
06.01:14.47.07  INFO	ru.sfedu.staff.StaffClient:30 - [Информация о конкурсе с id - 57 обновлена]
06.01:14.47.07  INFO	ru.sfedu.staff.StaffClient:30 - [Информация о контракте с id - 38 обновлена]
06.01:14.47.08  INFO	ru.sfedu.staff.StaffClient:30 - [Record successfully deleted.]
06.01:14.47.08  INFO	ru.sfedu.staff.StaffClient:30 - [Record successfully deleted.]
06.01:14.47.08  INFO	ru.sfedu.staff.StaffClient:30 - [Record successfully deleted.]
06.01:14.47.08  INFO	ru.sfedu.staff.StaffClient:30 - [Record successfully deleted.]
06.01:14.47.08  INFO	ru.sfedu.staff.StaffClient:30 - [Нет конкурса с таким id]
06.01:14.47.08  INFO	ru.sfedu.staff.StaffClient:30 - [Нет контракта с таким id]
06.01:14.47.17  INFO	ru.sfedu.staff.StaffClient:30 - [Teacher adedd.]
06.01:14.47.17  INFO	ru.sfedu.staff.StaffClient:30 - [Lesson adedd.]
06.01:14.47.17  INFO	ru.sfedu.staff.StaffClient:30 - [Lesson adedd.]
06.01:14.47.17  INFO	ru.sfedu.staff.StaffClient:30 - [The record was successfully found.]
06.01:14.47.17  INFO	ru.sfedu.staff.StaffClient:229 - id - 98 name - Генадий surname - Петров middleName - Владимирович telephone  - 84566543443 date_of_birth - 22.12.2001 paspN - 343434 paspS - 2334 degree - test category - test specialization - Биология
06.01:14.47.17  INFO	ru.sfedu.staff.StaffClient:30 - [Teacher by name found.]
06.01:14.47.17  INFO	ru.sfedu.staff.StaffClient:30 - [Lesson by title found.]
06.01:14.47.17  INFO	ru.sfedu.staff.StaffClient:30 - [Lesson by title found.]
06.01:14.47.18  INFO	ru.sfedu.staff.StaffClient:30 - [Pupil by name found.]
06.01:14.47.18  INFO	ru.sfedu.staff.StaffClient:30 - [There is no events by this pupil and title.]
06.01:14.47.18  INFO	ru.sfedu.staff.StaffClient:30 - [There is no contract by this pupil and lesson.]
06.01:14.47.18  INFO	ru.sfedu.staff.StaffClient:30 - [Информация о педогоге с id - 98 обновлена]
06.01:14.47.18  INFO	ru.sfedu.staff.StaffClient:30 - [Информация о ученике с id - 50 обновлена]
06.01:14.47.18  INFO	ru.sfedu.staff.StaffClient:30 - [Информация о занятии обновлена]
06.01:14.47.18  INFO	ru.sfedu.staff.StaffClient:30 - [Информация о ученике с id - 50 обновлена]
06.01:14.47.18  INFO	ru.sfedu.staff.StaffClient:30 - [Информация о конкурсе с id - 58 обновлена]
06.01:14.47.18  INFO	ru.sfedu.staff.StaffClient:30 - [Информация о контракте с id - 39 обновлена]
06.01:14.47.18  INFO	ru.sfedu.staff.StaffClient:30 - [Record successfully deleted.]
06.01:14.47.18  INFO	ru.sfedu.staff.StaffClient:30 - [Record successfully deleted.]
06.01:14.47.18  INFO	ru.sfedu.staff.StaffClient:30 - [Record successfully deleted.]
06.01:14.47.18  INFO	ru.sfedu.staff.StaffClient:30 - [Record successfully deleted.]
06.01:14.47.18  INFO	ru.sfedu.staff.StaffClient:30 - [Нет конкурса с таким id]
06.01:14.47.18  INFO	ru.sfedu.staff.StaffClient:30 - [Нет контракта с таким id]
06.01:14.47.27  INFO	ru.sfedu.staff.StaffClient:30 - [Teacher adedd.]
06.01:14.47.27  INFO	ru.sfedu.staff.StaffClient:30 - [Lesson adedd.]
06.01:14.47.27  INFO	ru.sfedu.staff.StaffClient:30 - [Lesson adedd.]
06.01:14.47.27  INFO	ru.sfedu.staff.StaffClient:30 - [Pupil adedd.]
06.01:14.47.27  INFO	ru.sfedu.staff.StaffClient:30 - [Event adedd.]
06.01:14.47.27  INFO	ru.sfedu.staff.StaffClient:30 - [Contract adedd.]
06.01:14.47.27  INFO	ru.sfedu.staff.StaffClient:229 - id - 99 name - Егор surname - Мильчаков middleName - Генадьевич telephone  - 84566543443 date_of_birth - 22.12.2001 paspN - 343434 paspS - 2334 degree - test category - test specialization - Математика
06.01:14.47.28  INFO	ru.sfedu.staff.StaffClient:30 - [Teacher by name found.]
06.01:14.47.28  INFO	ru.sfedu.staff.StaffClient:30 - [Lesson by title found.]
06.01:14.47.28  INFO	ru.sfedu.staff.StaffClient:30 - [Lesson by title found.]
06.01:14.47.28  INFO	ru.sfedu.staff.StaffClient:30 - [Pupil by name found.]
06.01:14.47.28  INFO	ru.sfedu.staff.StaffClient:30 - [Events by this pupil and title found.]
06.01:14.47.28  INFO	ru.sfedu.staff.StaffClient:30 - [Contract by pupil and lesson found.]
06.01:14.47.28  INFO	ru.sfedu.staff.StaffClient:30 - [Информация о педогоге с id - 99 обновлена]
06.01:14.47.28  INFO	ru.sfedu.staff.StaffClient:30 - [Информация о ученике с id - 51 обновлена]
06.01:14.47.28  INFO	ru.sfedu.staff.StaffClient:30 - [Информация о занятии обновлена]
06.01:14.47.28  INFO	ru.sfedu.staff.StaffClient:30 - [Информация о ученике с id - 51 обновлена]
06.01:14.47.28  INFO	ru.sfedu.staff.StaffClient:30 - [Информация о конкурсе с id - 59 обновлена]
06.01:14.47.28  INFO	ru.sfedu.staff.StaffClient:30 - [Информация о контракте с id - 40 обновлена]
06.01:14.47.28  INFO	ru.sfedu.staff.StaffClient:30 - [Record successfully deleted.]
06.01:14.47.28  INFO	ru.sfedu.staff.StaffClient:30 - [Record successfully deleted.]
06.01:14.47.28  INFO	ru.sfedu.staff.StaffClient:30 - [Record successfully deleted.]
06.01:14.47.28  INFO	ru.sfedu.staff.StaffClient:30 - [Record successfully deleted.]
06.01:14.47.28  INFO	ru.sfedu.staff.StaffClient:30 - [Нет конкурса с таким id]
06.01:14.47.28  INFO	ru.sfedu.staff.StaffClient:30 - [Нет контракта с таким id]
06.01:14.47.36  INFO	ru.sfedu.staff.StaffClient:30 - [Teacher adedd.]
06.01:14.47.36  INFO	ru.sfedu.staff.StaffClient:30 - [Lesson adedd.]
06.01:14.47.36  INFO	ru.sfedu.staff.StaffClient:30 - [Lesson adedd.]
06.01:14.47.36  INFO	ru.sfedu.staff.StaffClient:30 - [Pupil adedd.]
06.01:14.47.36  INFO	ru.sfedu.staff.StaffClient:30 - [Event adedd.]
06.01:14.47.36  INFO	ru.sfedu.staff.StaffClient:30 - [Contract adedd.]
06.01:14.47.36  INFO	ru.sfedu.staff.StaffClient:229 - id - 100 name - Генадий surname - Пенкин middleName - Аркадьевич telephone  - 84566543443 date_of_birth - 22.12.2001 paspN - 343434 paspS - 2334 degree - test category - test specialization - Информационные системы
06.01:14.47.37  INFO	ru.sfedu.staff.StaffClient:30 - [Teacher by name found.]
06.01:14.47.37  INFO	ru.sfedu.staff.StaffClient:30 - [Lesson by title found.]
06.01:14.47.37  INFO	ru.sfedu.staff.StaffClient:30 - [Lesson by title found.]
06.01:14.47.37  INFO	ru.sfedu.staff.StaffClient:30 - [Pupil by name found.]
06.01:14.47.37  INFO	ru.sfedu.staff.StaffClient:30 - [Events by this pupil and title found.]
06.01:14.47.37  INFO	ru.sfedu.staff.StaffClient:30 - [Contract by pupil and lesson found.]
06.01:14.47.37  INFO	ru.sfedu.staff.StaffClient:30 - [Информация о педогоге с id - 100 обновлена]
06.01:14.47.37  INFO	ru.sfedu.staff.StaffClient:30 - [Информация о ученике с id - 52 обновлена]
06.01:14.47.37  INFO	ru.sfedu.staff.StaffClient:30 - [Информация о занятии обновлена]
06.01:14.47.37  INFO	ru.sfedu.staff.StaffClient:30 - [Информация о ученике с id - 52 обновлена]
06.01:14.47.37  INFO	ru.sfedu.staff.StaffClient:30 - [Информация о конкурсе с id - 60 обновлена]
06.01:14.47.37  INFO	ru.sfedu.staff.StaffClient:30 - [Информация о контракте с id - 41 обновлена]
06.01:14.47.37  INFO	ru.sfedu.staff.StaffClient:30 - [Record successfully deleted.]
06.01:14.47.37  INFO	ru.sfedu.staff.StaffClient:30 - [Record successfully deleted.]
06.01:14.47.37  INFO	ru.sfedu.staff.StaffClient:30 - [Record successfully deleted.]
06.01:14.47.37  INFO	ru.sfedu.staff.StaffClient:30 - [Record successfully deleted.]
06.01:14.47.37  INFO	ru.sfedu.staff.StaffClient:30 - [Нет конкурса с таким id]
06.01:14.47.37  INFO	ru.sfedu.staff.StaffClient:30 - [Нет контракта с таким id]
06.01:14.47.48  INFO	ru.sfedu.staff.StaffClient:30 - [Teacher adedd.]
06.01:14.47.48  INFO	ru.sfedu.staff.StaffClient:30 - [Lesson adedd.]
06.01:14.47.48  INFO	ru.sfedu.staff.StaffClient:30 - [Lesson adedd.]
06.01:14.47.48  INFO	ru.sfedu.staff.StaffClient:30 - [Pupil adedd.]
06.01:14.47.48  INFO	ru.sfedu.staff.StaffClient:30 - [Event adedd.]
06.01:14.47.48  INFO	ru.sfedu.staff.StaffClient:30 - [Contract adedd.]
06.01:14.47.48  INFO	ru.sfedu.staff.StaffClient:229 - id - 101 name - Игнат surname - Тихонов middleName - Иванович telephone  - 84566543443 date_of_birth - 22.12.2001 paspN - 343434 paspS - 2334 degree - test category - test specialization - География
06.01:14.47.49  INFO	ru.sfedu.staff.StaffClient:30 - [Teacher by name found.]
06.01:14.47.49  INFO	ru.sfedu.staff.StaffClient:30 - [Lesson by title found.]
06.01:14.47.49  INFO	ru.sfedu.staff.StaffClient:30 - [Lesson by title found.]
06.01:14.47.49  INFO	ru.sfedu.staff.StaffClient:30 - [Pupil by name found.]
06.01:14.47.49  INFO	ru.sfedu.staff.StaffClient:30 - [Events by this pupil and title found.]
06.01:14.47.49  INFO	ru.sfedu.staff.StaffClient:30 - [Contract by pupil and lesson found.]
06.01:14.47.49  INFO	ru.sfedu.staff.StaffClient:30 - [Информация о педогоге с id - 101 обновлена]
06.01:14.47.49  INFO	ru.sfedu.staff.StaffClient:30 - [Информация о ученике с id - 53 обновлена]
06.01:14.47.49  INFO	ru.sfedu.staff.StaffClient:30 - [Информация о занятии обновлена]
06.01:14.47.49  INFO	ru.sfedu.staff.StaffClient:30 - [Информация о ученике с id - 53 обновлена]
06.01:14.47.49  INFO	ru.sfedu.staff.StaffClient:30 - [Информация о конкурсе с id - 61 обновлена]
06.01:14.47.49  INFO	ru.sfedu.staff.StaffClient:30 - [Информация о контракте с id - 42 обновлена]
06.01:14.47.49  INFO	ru.sfedu.staff.StaffClient:30 - [Record successfully deleted.]
06.01:14.47.49  INFO	ru.sfedu.staff.StaffClient:30 - [Record successfully deleted.]
06.01:14.47.49  INFO	ru.sfedu.staff.StaffClient:30 - [Record successfully deleted.]
06.01:14.47.49  INFO	ru.sfedu.staff.StaffClient:30 - [Record successfully deleted.]
06.01:14.47.49  INFO	ru.sfedu.staff.StaffClient:30 - [Нет конкурса с таким id]
06.01:14.47.49  INFO	ru.sfedu.staff.StaffClient:30 - [Нет контракта с таким id]
06.01:14.47.59  INFO	ru.sfedu.staff.StaffClient:30 - [Teacher adedd.]
06.01:14.47.59  INFO	ru.sfedu.staff.StaffClient:30 - [Lesson adedd.]
06.01:14.47.59  INFO	ru.sfedu.staff.StaffClient:30 - [Lesson adedd.]
06.01:14.47.59  INFO	ru.sfedu.staff.StaffClient:30 - [Pupil adedd.]
06.01:14.47.59  INFO	ru.sfedu.staff.StaffClient:30 - [Event adedd.]
06.01:14.47.59  INFO	ru.sfedu.staff.StaffClient:30 - [Contract adedd.]
06.01:14.47.59  INFO	ru.sfedu.staff.StaffClient:229 - id - 102 name - Олег surname - Мильчаков middleName - Андреевич telephone  - 84566543443 date_of_birth - 22.12.2001 paspN - 343434 paspS - 2334 degree - test category - test specialization - Информационные системы
06.01:14.47.59  INFO	ru.sfedu.staff.StaffClient:30 - [Teacher by name found.]
06.01:14.47.59  INFO	ru.sfedu.staff.StaffClient:30 - [Lesson by title found.]
06.01:14.47.59  INFO	ru.sfedu.staff.StaffClient:30 - [Lesson by title found.]
06.01:14.47.59  INFO	ru.sfedu.staff.StaffClient:30 - [Pupil by name found.]
06.01:14.47.59  INFO	ru.sfedu.staff.StaffClient:30 - [Events by this pupil and title found.]
06.01:14.47.59  INFO	ru.sfedu.staff.StaffClient:30 - [Contract by pupil and lesson found.]
06.01:14.47.59  INFO	ru.sfedu.staff.StaffClient:30 - [Информация о педогоге с id - 102 обновлена]
06.01:14.47.59  INFO	ru.sfedu.staff.StaffClient:30 - [Информация о ученике с id - 54 обновлена]
06.01:14.47.59  INFO	ru.sfedu.staff.StaffClient:30 - [Информация о занятии обновлена]
06.01:14.47.59  INFO	ru.sfedu.staff.StaffClient:30 - [Информация о ученике с id - 54 обновлена]
06.01:14.47.59  INFO	ru.sfedu.staff.StaffClient:30 - [Информация о конкурсе с id - 62 обновлена]
06.01:14.47.59  INFO	ru.sfedu.staff.StaffClient:30 - [Информация о контракте с id - 43 обновлена]
06.01:14.47.59  INFO	ru.sfedu.staff.StaffClient:30 - [Record successfully deleted.]
06.01:14.47.59  INFO	ru.sfedu.staff.StaffClient:30 - [Record successfully deleted.]
06.01:14.47.59  INFO	ru.sfedu.staff.StaffClient:30 - [Record successfully deleted.]
06.01:14.47.59  INFO	ru.sfedu.staff.StaffClient:30 - [Record successfully deleted.]
06.01:14.47.59  INFO	ru.sfedu.staff.StaffClient:30 - [Нет конкурса с таким id]
06.01:14.47.59  INFO	ru.sfedu.staff.StaffClient:30 - [Нет контракта с таким id]
06.01:14.48.11  INFO	ru.sfedu.staff.StaffClient:30 - [Teacher adedd.]
06.01:14.48.11  INFO	ru.sfedu.staff.StaffClient:30 - [Lesson adedd.]
06.01:14.48.11  INFO	ru.sfedu.staff.StaffClient:30 - [Lesson adedd.]
06.01:14.48.11  INFO	ru.sfedu.staff.StaffClient:30 - [Pupil adedd.]
06.01:14.48.11  INFO	ru.sfedu.staff.StaffClient:30 - [Event adedd.]
06.01:14.48.11  INFO	ru.sfedu.staff.StaffClient:30 - [Contract adedd.]
06.01:14.48.11  INFO	ru.sfedu.staff.StaffClient:229 - id - 103 name - Олег surname - Тихонов middleName - Генадьевич telephone  - 84566543443 date_of_birth - 22.12.2001 paspN - 343434 paspS - 2334 degree - test category - test specialization - История
06.01:14.48.11  INFO	ru.sfedu.staff.StaffClient:30 - [Teacher by name found.]
06.01:14.48.11  INFO	ru.sfedu.staff.StaffClient:30 - [Lesson by title found.]
06.01:14.48.11  INFO	ru.sfedu.staff.StaffClient:30 - [Lesson by title found.]
06.01:14.48.11  INFO	ru.sfedu.staff.StaffClient:30 - [Pupil by name found.]
06.01:14.48.11  INFO	ru.sfedu.staff.StaffClient:30 - [Events by this pupil and title found.]
06.01:14.48.11  INFO	ru.sfedu.staff.StaffClient:30 - [Contract by pupil and lesson found.]
06.01:14.48.11  INFO	ru.sfedu.staff.StaffClient:30 - [Информация о педогоге с id - 103 обновлена]
06.01:14.48.11  INFO	ru.sfedu.staff.StaffClient:30 - [Информация о ученике с id - 55 обновлена]
06.01:14.48.11  INFO	ru.sfedu.staff.StaffClient:30 - [Информация о занятии обновлена]
06.01:14.48.11  INFO	ru.sfedu.staff.StaffClient:30 - [Информация о ученике с id - 55 обновлена]
06.01:14.48.11  INFO	ru.sfedu.staff.StaffClient:30 - [Информация о конкурсе с id - 63 обновлена]
06.01:14.48.11  INFO	ru.sfedu.staff.StaffClient:30 - [Информация о контракте с id - 44 обновлена]
06.01:14.48.11  INFO	ru.sfedu.staff.StaffClient:30 - [Record successfully deleted.]
06.01:14.48.11  INFO	ru.sfedu.staff.StaffClient:30 - [Record successfully deleted.]
06.01:14.48.11  INFO	ru.sfedu.staff.StaffClient:30 - [Record successfully deleted.]
06.01:14.48.11  INFO	ru.sfedu.staff.StaffClient:30 - [Record successfully deleted.]
06.01:14.48.11  INFO	ru.sfedu.staff.StaffClient:30 - [Нет конкурса с таким id]
06.01:14.48.11  INFO	ru.sfedu.staff.StaffClient:30 - [Нет контракта с таким id]
06.01:14.48.21  INFO	ru.sfedu.staff.StaffClient:30 - [Teacher adedd.]
06.01:14.48.21  INFO	ru.sfedu.staff.StaffClient:30 - [Lesson adedd.]
06.01:14.48.21  INFO	ru.sfedu.staff.StaffClient:30 - [Lesson adedd.]
06.01:14.48.21  INFO	ru.sfedu.staff.StaffClient:30 - [Pupil adedd.]
06.01:14.48.21  INFO	ru.sfedu.staff.StaffClient:30 - [Event adedd.]
06.01:14.48.21  INFO	ru.sfedu.staff.StaffClient:30 - [Contract adedd.]
06.01:14.48.21  INFO	ru.sfedu.staff.StaffClient:229 - id - 104 name - Андрей surname - Некрасов middleName - Петрович telephone  - 84566543443 date_of_birth - 22.12.2001 paspN - 343434 paspS - 2334 degree - test category - test specialization - Биология
06.01:14.48.21  INFO	ru.sfedu.staff.StaffClient:30 - [Teacher by name found.]
06.01:14.48.21  INFO	ru.sfedu.staff.StaffClient:30 - [Lesson by title found.]
06.01:14.48.21  INFO	ru.sfedu.staff.StaffClient:30 - [Lesson by title found.]
06.01:14.48.21  INFO	ru.sfedu.staff.StaffClient:30 - [Pupil by name found.]
06.01:14.48.21  INFO	ru.sfedu.staff.StaffClient:30 - [Events by this pupil and title found.]
06.01:14.48.21  INFO	ru.sfedu.staff.StaffClient:30 - [Contract by pupil and lesson found.]
06.01:14.48.21  INFO	ru.sfedu.staff.StaffClient:30 - [Информация о педогоге с id - 104 обновлена]
06.01:14.48.21  INFO	ru.sfedu.staff.StaffClient:30 - [Информация о ученике с id - 56 обновлена]
06.01:14.48.21  INFO	ru.sfedu.staff.StaffClient:30 - [Информация о занятии обновлена]
06.01:14.48.21  INFO	ru.sfedu.staff.StaffClient:30 - [Информация о ученике с id - 56 обновлена]
06.01:14.48.21  INFO	ru.sfedu.staff.StaffClient:30 - [Информация о конкурсе с id - 64 обновлена]
06.01:14.48.21  INFO	ru.sfedu.staff.StaffClient:30 - [Информация о контракте с id - 45 обновлена]
06.01:14.48.21  INFO	ru.sfedu.staff.StaffClient:30 - [Record successfully deleted.]
06.01:14.48.21  INFO	ru.sfedu.staff.StaffClient:30 - [Record successfully deleted.]
06.01:14.48.21  INFO	ru.sfedu.staff.StaffClient:30 - [Record successfully deleted.]
06.01:14.48.21  INFO	ru.sfedu.staff.StaffClient:30 - [Record successfully deleted.]
06.01:14.48.21  INFO	ru.sfedu.staff.StaffClient:30 - [Нет конкурса с таким id]
06.01:14.48.21  INFO	ru.sfedu.staff.StaffClient:30 - [Нет контракта с таким id]
06.01:14.48.32  INFO	ru.sfedu.staff.StaffClient:30 - [Teacher adedd.]
06.01:14.48.32  INFO	ru.sfedu.staff.StaffClient:30 - [Lesson adedd.]
06.01:14.48.32  INFO	ru.sfedu.staff.StaffClient:30 - [Lesson adedd.]
06.01:14.48.32  INFO	ru.sfedu.staff.StaffClient:30 - [Pupil adedd.]
06.01:14.48.32  INFO	ru.sfedu.staff.StaffClient:30 - [Event adedd.]
06.01:14.48.32  INFO	ru.sfedu.staff.StaffClient:30 - [Contract adedd.]
06.01:14.48.32  INFO	ru.sfedu.staff.StaffClient:229 - id - 105 name - Андрей surname - Карпатов middleName - Владимирович telephone  - 84566543443 date_of_birth - 22.12.2001 paspN - 343434 paspS - 2334 degree - test category - test specialization - История
06.01:14.48.32  INFO	ru.sfedu.staff.StaffClient:30 - [Teacher by name found.]
06.01:14.48.32  INFO	ru.sfedu.staff.StaffClient:30 - [Lesson by title found.]
06.01:14.48.32  INFO	ru.sfedu.staff.StaffClient:30 - [Lesson by title found.]
06.01:14.48.32  INFO	ru.sfedu.staff.StaffClient:30 - [Pupil by name found.]
06.01:14.48.32  INFO	ru.sfedu.staff.StaffClient:30 - [Events by this pupil and title found.]
06.01:14.48.32  INFO	ru.sfedu.staff.StaffClient:30 - [Contract by pupil and lesson found.]
06.01:14.48.32  INFO	ru.sfedu.staff.StaffClient:30 - [Информация о педогоге с id - 105 обновлена]
06.01:14.48.32  INFO	ru.sfedu.staff.StaffClient:30 - [Информация о ученике с id - 57 обновлена]
06.01:14.48.32  INFO	ru.sfedu.staff.StaffClient:30 - [Информация о занятии обновлена]
06.01:14.48.32  INFO	ru.sfedu.staff.StaffClient:30 - [Информация о ученике с id - 57 обновлена]
06.01:14.48.32  INFO	ru.sfedu.staff.StaffClient:30 - [Информация о конкурсе с id - 65 обновлена]
06.01:14.48.32  INFO	ru.sfedu.staff.StaffClient:30 - [Информация о контракте с id - 46 обновлена]
06.01:14.48.32  INFO	ru.sfedu.staff.StaffClient:30 - [Record successfully deleted.]
06.01:14.48.32  INFO	ru.sfedu.staff.StaffClient:30 - [Record successfully deleted.]
06.01:14.48.32  INFO	ru.sfedu.staff.StaffClient:30 - [Record successfully deleted.]
06.01:14.48.32  INFO	ru.sfedu.staff.StaffClient:30 - [Record successfully deleted.]
06.01:14.48.32  INFO	ru.sfedu.staff.StaffClient:30 - [Нет конкурса с таким id]
06.01:14.48.32  INFO	ru.sfedu.staff.StaffClient:30 - [Нет контракта с таким id]
06.01:14.48.40  INFO	ru.sfedu.staff.StaffClient:30 - [Teachers found.]
06.01:14.48.40  INFO	ru.sfedu.staff.StaffClient:30 - [Teachers found.]
06.01:15.24.43  INFO	ru.sfedu.staff.StaffClient:30 - [Lessons found.]
06.01:15.24.44  INFO	ru.sfedu.staff.StaffClient:30 - [Count of pupils in free lessons found.]
06.01:15.24.44  INFO	ru.sfedu.staff.StaffClient:30 - [Count of pupils in paid lessons found.]
06.01:15.24.44  INFO	ru.sfedu.staff.StaffClient:30 - [Count of pupils in paid lessons found.]
06.01:15.24.44  INFO	ru.sfedu.staff.StaffClient:30 - [Pupils found.]
06.01:15.24.45  INFO	ru.sfedu.staff.StaffClient:30 - [Events found.]
06.01:15.24.46  INFO	ru.sfedu.staff.StaffClient:30 - [Events found.]
06.01:15.24.48  INFO	ru.sfedu.staff.StaffClient:30 - [Lessons found.]
06.01:15.24.48  INFO	ru.sfedu.staff.StaffClient:30 - [Lessons found.]
06.01:15.24.48  INFO	ru.sfedu.staff.StaffClient:30 - [Lessons found.]
06.01:15.24.48  INFO	ru.sfedu.staff.StaffClient:30 - [Lessons found.]
06.01:15.24.53  INFO	ru.sfedu.staff.StaffClient:30 - [Lessons found.]
06.01:15.24.54  INFO	ru.sfedu.staff.StaffClient:30 - [Teachers found.]
06.01:15.24.54  INFO	ru.sfedu.staff.StaffClient:30 - [Teachers found.]
06.01:15.24.58  INFO	ru.sfedu.staff.StaffClient:30 - [Lessons found.]
06.01:15.24.59  INFO	ru.sfedu.staff.StaffClient:30 - [Count of pupils in paid lessons found.]
06.01:15.24.59  INFO	ru.sfedu.staff.StaffClient:30 - [Count of pupils in free lessons found.]
06.01:15.24.59  INFO	ru.sfedu.staff.StaffClient:30 - [Count of pupils in paid lessons found.]
06.01:15.24.59  INFO	ru.sfedu.staff.StaffClient:30 - [Pupils found.]
06.01:15.25.00  INFO	ru.sfedu.staff.StaffClient:30 - [Events found.]
06.01:15.25.01  INFO	ru.sfedu.staff.StaffClient:30 - [Lessons found.]
06.01:15.25.01  INFO	ru.sfedu.staff.StaffClient:30 - [Lessons found.]
06.01:15.25.02  INFO	ru.sfedu.staff.StaffClient:30 - 
06.01:15.25.02  INFO	ru.sfedu.staff.StaffClient:30 - 
06.01:15.25.02  INFO	ru.sfedu.staff.StaffClient:30 - 
06.01:15.25.02  INFO	ru.sfedu.staff.StaffClient:30 - 
06.01:15.25.02  INFO	ru.sfedu.staff.StaffClient:30 - 
06.01:15.25.02  INFO	ru.sfedu.staff.StaffClient:30 - 
06.01:15.25.06  INFO	ru.sfedu.staff.StaffClient:30 - [Count of pupils in free lessons found.]
06.01:15.25.06  INFO	ru.sfedu.staff.StaffClient:30 - [Count of pupils in paid lessons found.]
06.01:15.25.06  INFO	ru.sfedu.staff.StaffClient:30 - [Count of pupils in paid lessons found.]
06.01:15.25.06  INFO	ru.sfedu.staff.StaffClient:30 - [Pupils found.]
06.01:15.25.12  INFO	ru.sfedu.staff.StaffClient:30 - [Teachers found.]
06.01:15.25.12  INFO	ru.sfedu.staff.StaffClient:30 - [Teachers found.]
06.01:15.25.22  INFO	ru.sfedu.staff.StaffClient:30 - [Lessons by teacher found.]
06.01:15.25.22  INFO	ru.sfedu.staff.StaffClient:30 - [Lessons by teacher found.]
06.01:15.25.53  INFO	ru.sfedu.staff.StaffClient:30 - [Lessons by teacher found.]
06.01:15.28.32  INFO	ru.sfedu.staff.StaffClient:30 - [Teachers found.]
06.01:15.28.32  INFO	ru.sfedu.staff.StaffClient:30 - [Teachers found.]
06.01:15.28.35  INFO	ru.sfedu.staff.StaffClient:30 - [Lessons by teacher found.]
06.01:15.28.39  INFO	ru.sfedu.staff.StaffClient:30 - [Teachers found.]
06.01:15.28.39  INFO	ru.sfedu.staff.StaffClient:30 - [Teachers found.]
06.01:15.28.43  INFO	ru.sfedu.staff.StaffClient:30 - [Lessons by teacher found.]
06.01:15.29.58  INFO	ru.sfedu.staff.StaffClient:30 - [Teachers found.]
06.01:15.29.58  INFO	ru.sfedu.staff.StaffClient:30 - [Teachers found.]
06.01:15.30.01  INFO	ru.sfedu.staff.StaffClient:30 - [Lessons by teacher found.]
06.01:15.30.27  INFO	ru.sfedu.staff.StaffClient:30 - [Данный педагог ведет занятие - [Микроэлектроника, Декоративно-прикладное творчество]. Обновите данные перед удалением педагога]
06.01:15.40.10  INFO	ru.sfedu.staff.StaffClient:30 - [Lessons found.]
06.01:15.40.14  INFO	ru.sfedu.staff.StaffClient:30 - [Lesson by title found.]
06.01:15.40.27  INFO	ru.sfedu.staff.StaffClient:30 - [Pupils by lesson found.]
06.01:15.42.10  INFO	ru.sfedu.staff.StaffClient:30 - [Информация о занятии обновлена]
06.01:15.42.12  INFO	ru.sfedu.staff.StaffClient:30 - [There is no lessons by this title.]
06.01:15.42.14  INFO	ru.sfedu.staff.StaffClient:30 - [There is no lessons by this title.]
06.01:15.42.18  INFO	ru.sfedu.staff.StaffClient:30 - [Lessons found.]
06.01:15.42.21  INFO	ru.sfedu.staff.StaffClient:30 - [Lesson by title found.]
06.01:15.42.38  INFO	ru.sfedu.staff.StaffClient:30 - [Pupils by lesson found.]
06.01:15.43.13  INFO	ru.sfedu.staff.StaffClient:30 - [Teachers found.]
06.01:15.43.13  INFO	ru.sfedu.staff.StaffClient:30 - [Teachers found.]
06.01:15.44.29  INFO	ru.sfedu.staff.StaffClient:30 - [Lessons found.]
06.01:15.46.54  INFO	ru.sfedu.staff.StaffClient:30 - [Lessons found.]
06.01:15.46.57  INFO	ru.sfedu.staff.StaffClient:30 - [Lesson by title found.]
06.01:15.47.03  INFO	ru.sfedu.staff.StaffClient:30 - [Pupils by lesson found.]
06.01:15.50.41  INFO	ru.sfedu.staff.StaffClient:30 - [Teachers found.]
06.01:15.50.41  INFO	ru.sfedu.staff.StaffClient:30 - [Teachers found.]
06.01:15.51.11  INFO	ru.sfedu.staff.StaffClient:30 - [Lessons by teacher found.]
06.01:15.51.14  INFO	ru.sfedu.staff.StaffClient:30 - [Lessons by teacher found.]
06.01:15.51.38  INFO	ru.sfedu.staff.StaffClient:30 - [Teacher by name found.]
06.01:19.19.16  INFO	ru.sfedu.staff.StaffClient:30 - [Teacher adedd.]
06.01:19.19.16  INFO	ru.sfedu.staff.StaffClient:30 - [Lesson adedd.]
06.01:19.19.16  INFO	ru.sfedu.staff.StaffClient:30 - [Lesson adedd.]
06.01:19.19.16  INFO	ru.sfedu.staff.StaffClient:30 - [Pupil adedd.]
06.01:19.19.16  INFO	ru.sfedu.staff.StaffClient:30 - [Event adedd.]
06.01:19.19.16  INFO	ru.sfedu.staff.StaffClient:30 - [Contract adedd.]
06.01:19.19.16  INFO	ru.sfedu.staff.StaffClient:229 - id - 106 name - Андрей surname - Некрасов middleName - Аркадьевич telephone  - 84566543443 date_of_birth - 22.12.2001 paspN - 343434 paspS - 2334 degree - test category - test specialization - Прикладная информатика
06.01:19.19.16  INFO	ru.sfedu.staff.StaffClient:30 - [Teacher by name found.]
06.01:19.19.16  INFO	ru.sfedu.staff.StaffClient:30 - [Lesson by title found.]
06.01:19.19.16  INFO	ru.sfedu.staff.StaffClient:30 - [Lesson by title found.]
06.01:19.19.16  INFO	ru.sfedu.staff.StaffClient:30 - [Pupil by name found.]
06.01:19.19.16  INFO	ru.sfedu.staff.StaffClient:30 - [Events by this pupil and title found.]
06.01:19.19.16  INFO	ru.sfedu.staff.StaffClient:30 - [Contract by pupil and lesson found.]
06.01:19.19.16  INFO	ru.sfedu.staff.StaffClient:30 - [Информация о педогоге с id - 106 обновлена]
06.01:19.19.16  INFO	ru.sfedu.staff.StaffClient:30 - [Информация о ученике с id - 58 обновлена]
06.01:19.19.16  INFO	ru.sfedu.staff.StaffClient:30 - [Информация о занятии обновлена]
06.01:19.19.16  INFO	ru.sfedu.staff.StaffClient:30 - [Информация о ученике с id - 58 обновлена]
06.01:19.19.16  INFO	ru.sfedu.staff.StaffClient:30 - [Информация о конкурсе с id - 66 обновлена]
06.01:19.19.16  INFO	ru.sfedu.staff.StaffClient:30 - [Информация о контракте с id - 47 обновлена]
06.01:19.19.16  INFO	ru.sfedu.staff.StaffClient:30 - [Record successfully deleted.]
06.01:19.19.16  INFO	ru.sfedu.staff.StaffClient:30 - [Record successfully deleted.]
06.01:19.19.16  INFO	ru.sfedu.staff.StaffClient:30 - [Record successfully deleted.]
06.01:19.19.16  INFO	ru.sfedu.staff.StaffClient:30 - [Record successfully deleted.]
06.01:19.19.16  INFO	ru.sfedu.staff.StaffClient:30 - [Нет конкурса с таким id]
06.01:19.19.16  INFO	ru.sfedu.staff.StaffClient:30 - [Нет контракта с таким id]
06.01:19.19.27  INFO	ru.sfedu.staff.StaffClient:30 - [Teacher adedd.]
06.01:19.19.27  INFO	ru.sfedu.staff.StaffClient:30 - [Lesson adedd.]
06.01:19.19.27  INFO	ru.sfedu.staff.StaffClient:30 - [Lesson adedd.]
06.01:19.19.27  INFO	ru.sfedu.staff.StaffClient:30 - [Pupil adedd.]
06.01:19.19.27  INFO	ru.sfedu.staff.StaffClient:30 - [Event adedd.]
06.01:19.19.27  INFO	ru.sfedu.staff.StaffClient:30 - [Contract adedd.]
06.01:19.19.27  INFO	ru.sfedu.staff.StaffClient:229 - id - 107 name - Игнат surname - Тихонов middleName - Андреевич telephone  - 84566543443 date_of_birth - 22.12.2001 paspN - 343434 paspS - 2334 degree - test category - test specialization - Электромеханик
06.01:19.19.27  INFO	ru.sfedu.staff.StaffClient:30 - [Teacher by name found.]
06.01:19.19.27  INFO	ru.sfedu.staff.StaffClient:30 - [Lesson by title found.]
06.01:19.19.27  INFO	ru.sfedu.staff.StaffClient:30 - [Lesson by title found.]
06.01:19.19.27  INFO	ru.sfedu.staff.StaffClient:30 - [Pupil by name found.]
06.01:19.19.27  INFO	ru.sfedu.staff.StaffClient:30 - [Events by this pupil and title found.]
06.01:19.19.27  INFO	ru.sfedu.staff.StaffClient:30 - [Contract by pupil and lesson found.]
06.01:19.19.28  INFO	ru.sfedu.staff.StaffClient:30 - [Информация о педогоге с id - 107 обновлена]
06.01:19.19.28  INFO	ru.sfedu.staff.StaffClient:30 - [Информация о ученике с id - 59 обновлена]
06.01:19.19.28  INFO	ru.sfedu.staff.StaffClient:30 - [Информация о занятии обновлена]
06.01:19.19.28  INFO	ru.sfedu.staff.StaffClient:30 - [Информация о ученике с id - 59 обновлена]
06.01:19.19.28  INFO	ru.sfedu.staff.StaffClient:30 - [Информация о конкурсе с id - 67 обновлена]
06.01:19.19.28  INFO	ru.sfedu.staff.StaffClient:30 - [Информация о контракте с id - 48 обновлена]
06.01:19.19.28  INFO	ru.sfedu.staff.StaffClient:30 - [Record successfully deleted.]
06.01:19.19.28  INFO	ru.sfedu.staff.StaffClient:30 - [Record successfully deleted.]
06.01:19.19.28  INFO	ru.sfedu.staff.StaffClient:30 - [Record successfully deleted.]
06.01:19.19.28  INFO	ru.sfedu.staff.StaffClient:30 - [Record successfully deleted.]
06.01:19.19.28  INFO	ru.sfedu.staff.StaffClient:30 - [Нет конкурса с таким id]
06.01:19.19.28  INFO	ru.sfedu.staff.StaffClient:30 - [Нет контракта с таким id]
06.01:19.20.12  INFO	ru.sfedu.staff.StaffClient:30 - [Teacher adedd.]
06.01:19.20.12  INFO	ru.sfedu.staff.StaffClient:30 - [Lesson adedd.]
06.01:19.20.12  INFO	ru.sfedu.staff.StaffClient:30 - [Lesson adedd.]
06.01:19.20.12  INFO	ru.sfedu.staff.StaffClient:30 - [Pupil adedd.]
06.01:19.20.12  INFO	ru.sfedu.staff.StaffClient:30 - [Event adedd.]
06.01:19.20.12  INFO	ru.sfedu.staff.StaffClient:30 - [Contract adedd.]
06.01:19.20.12  INFO	ru.sfedu.staff.StaffClient:229 - id - 108 name - Игнат surname - Некрасов middleName - Петрович telephone  - 84566543443 date_of_birth - 22.12.2001 paspN - 343434 paspS - 2334 degree - test category - test specialization - История
06.01:19.20.12  INFO	ru.sfedu.staff.StaffClient:30 - [Teacher by name found.]
06.01:19.20.12  INFO	ru.sfedu.staff.StaffClient:30 - [Lesson by title found.]
06.01:19.20.12  INFO	ru.sfedu.staff.StaffClient:30 - [Lesson by title found.]
06.01:19.20.12  INFO	ru.sfedu.staff.StaffClient:30 - [Pupil by name found.]
06.01:19.20.12  INFO	ru.sfedu.staff.StaffClient:30 - [Events by this pupil and title found.]
06.01:19.20.12  INFO	ru.sfedu.staff.StaffClient:30 - [Contract by pupil and lesson found.]
06.01:19.20.12  INFO	ru.sfedu.staff.StaffClient:30 - [Информация о педогоге с id - 108 обновлена]
06.01:19.20.12  INFO	ru.sfedu.staff.StaffClient:30 - [Информация о ученике с id - 60 обновлена]
06.01:19.20.12  INFO	ru.sfedu.staff.StaffClient:30 - [Информация о занятии обновлена]
06.01:19.20.12  INFO	ru.sfedu.staff.StaffClient:30 - [Информация о ученике с id - 60 обновлена]
06.01:19.20.12  INFO	ru.sfedu.staff.StaffClient:30 - [Информация о конкурсе с id - 68 обновлена]
06.01:19.20.12  INFO	ru.sfedu.staff.StaffClient:30 - [Информация о контракте с id - 49 обновлена]
06.01:19.20.12  INFO	ru.sfedu.staff.StaffClient:30 - [Record successfully deleted.]
06.01:19.20.12  INFO	ru.sfedu.staff.StaffClient:30 - [Record successfully deleted.]
06.01:19.20.12  INFO	ru.sfedu.staff.StaffClient:30 - [Record successfully deleted.]
06.01:19.20.12  INFO	ru.sfedu.staff.StaffClient:30 - [Record successfully deleted.]
06.01:19.20.12  INFO	ru.sfedu.staff.StaffClient:30 - [Нет конкурса с таким id]
06.01:19.20.12  INFO	ru.sfedu.staff.StaffClient:30 - [Нет контракта с таким id]
06.01:19.20.44  INFO	ru.sfedu.staff.StaffClient:30 - [Teacher adedd.]
06.01:19.20.44  INFO	ru.sfedu.staff.StaffClient:30 - [Lesson adedd.]
06.01:19.20.44  INFO	ru.sfedu.staff.StaffClient:30 - [Lesson adedd.]
06.01:19.20.44  INFO	ru.sfedu.staff.StaffClient:30 - [Pupil adedd.]
06.01:19.20.44  INFO	ru.sfedu.staff.StaffClient:30 - [Event adedd.]
06.01:19.20.44  INFO	ru.sfedu.staff.StaffClient:30 - [Contract adedd.]
06.01:19.20.44  INFO	ru.sfedu.staff.StaffClient:229 - id - 109 name - Тимур surname - Карпатов middleName - Петрович telephone  - 84566543443 date_of_birth - 22.12.2001 paspN - 343434 paspS - 2334 degree - test category - test specialization - Прикладная информатика
06.01:19.20.44  INFO	ru.sfedu.staff.StaffClient:30 - [Teacher by name found.]
06.01:19.20.44  INFO	ru.sfedu.staff.StaffClient:30 - [Lesson by title found.]
06.01:19.20.44  INFO	ru.sfedu.staff.StaffClient:30 - [Lesson by title found.]
06.01:19.20.44  INFO	ru.sfedu.staff.StaffClient:30 - [Pupil by name found.]
06.01:19.20.44  INFO	ru.sfedu.staff.StaffClient:30 - [Events by this pupil and title found.]
06.01:19.20.44  INFO	ru.sfedu.staff.StaffClient:30 - [Contract by pupil and lesson found.]
06.01:19.20.44  INFO	ru.sfedu.staff.StaffClient:30 - [Информация о педогоге с id - 109 обновлена]
06.01:19.20.44  INFO	ru.sfedu.staff.StaffClient:30 - [Информация о ученике с id - 61 обновлена]
06.01:19.20.44  INFO	ru.sfedu.staff.StaffClient:30 - [Информация о занятии обновлена]
06.01:19.20.44  INFO	ru.sfedu.staff.StaffClient:30 - [Информация о ученике с id - 61 обновлена]
06.01:19.20.44  INFO	ru.sfedu.staff.StaffClient:30 - [Информация о конкурсе с id - 69 обновлена]
06.01:19.20.44  INFO	ru.sfedu.staff.StaffClient:30 - [Информация о контракте с id - 50 обновлена]
06.01:19.20.44  INFO	ru.sfedu.staff.StaffClient:30 - [Record successfully deleted.]
06.01:19.20.44  INFO	ru.sfedu.staff.StaffClient:30 - [Record successfully deleted.]
06.01:19.20.44  INFO	ru.sfedu.staff.StaffClient:30 - [Record successfully deleted.]
06.01:19.20.44  INFO	ru.sfedu.staff.StaffClient:30 - [Record successfully deleted.]
06.01:19.20.44  INFO	ru.sfedu.staff.StaffClient:30 - [Нет конкурса с таким id]
06.01:19.20.44  INFO	ru.sfedu.staff.StaffClient:30 - [Нет контракта с таким id]
06.02:08.44.05  INFO	ru.sfedu.staff.StaffClient:229 - id - 0 name - Генадий surname - Карпатов middleName - Генадьевич telephone  - 84566543443 date_of_birth - 22.12.2001 paspN - 343434 paspS - 2334 degree - test category - test specialization - Биология
06.02:08.44.54  INFO	ru.sfedu.staff.StaffClient:30 - [Teacher adedd.]
06.02:08.44.54  INFO	ru.sfedu.staff.StaffClient:30 - [Lesson adedd.]
06.02:08.44.54  INFO	ru.sfedu.staff.StaffClient:30 - [Lesson adedd.]
06.02:08.44.54  INFO	ru.sfedu.staff.StaffClient:30 - [Pupil adedd.]
06.02:08.44.54  INFO	ru.sfedu.staff.StaffClient:30 - [Event adedd.]
06.02:08.44.54  INFO	ru.sfedu.staff.StaffClient:30 - [Contract adedd.]
06.02:08.44.54  INFO	ru.sfedu.staff.StaffClient:229 - id - 110 name - Генадий surname - Пенкин middleName - Петрович telephone  - 84566543443 date_of_birth - 22.12.2001 paspN - 343434 paspS - 2334 degree - test category - test specialization - История
06.02:08.44.54  INFO	ru.sfedu.staff.StaffClient:30 - [Teacher by name found.]
06.02:08.44.54  INFO	ru.sfedu.staff.StaffClient:30 - [Lesson by title found.]
06.02:08.44.54  INFO	ru.sfedu.staff.StaffClient:30 - [Lesson by title found.]
06.02:08.44.54  INFO	ru.sfedu.staff.StaffClient:30 - [Pupil by name found.]
06.02:08.44.54  INFO	ru.sfedu.staff.StaffClient:30 - [Events by this pupil and title found.]
06.02:08.44.54  INFO	ru.sfedu.staff.StaffClient:30 - [Contract by pupil and lesson found.]
06.02:08.44.54  INFO	ru.sfedu.staff.StaffClient:30 - [Информация о педогоге с id - 110 обновлена]
06.02:08.44.54  INFO	ru.sfedu.staff.StaffClient:30 - [Информация о ученике с id - 62 обновлена]
06.02:08.44.54  INFO	ru.sfedu.staff.StaffClient:30 - [Информация о занятии обновлена]
06.02:08.44.55  INFO	ru.sfedu.staff.StaffClient:30 - [Информация о ученике с id - 62 обновлена]
06.02:08.44.55  INFO	ru.sfedu.staff.StaffClient:30 - [Информация о конкурсе с id - 70 обновлена]
06.02:08.44.55  INFO	ru.sfedu.staff.StaffClient:30 - [Информация о контракте с id - 51 обновлена]
06.02:08.44.55  INFO	ru.sfedu.staff.StaffClient:30 - [Record successfully deleted.]
06.02:08.44.55  INFO	ru.sfedu.staff.StaffClient:30 - [Record successfully deleted.]
06.02:08.44.55  INFO	ru.sfedu.staff.StaffClient:30 - [Record successfully deleted.]
06.02:08.44.55  INFO	ru.sfedu.staff.StaffClient:30 - [Record successfully deleted.]
06.02:08.44.55  INFO	ru.sfedu.staff.StaffClient:30 - [Нет конкурса с таким id]
06.02:08.44.55  INFO	ru.sfedu.staff.StaffClient:30 - [Нет контракта с таким id]
06.02:08.45.10  INFO	ru.sfedu.staff.StaffClient:30 - [Teacher adedd.]
06.02:08.45.10  INFO	ru.sfedu.staff.StaffClient:30 - [Lesson adedd.]
06.02:08.45.10  INFO	ru.sfedu.staff.StaffClient:30 - [Lesson adedd.]
06.02:08.45.10  INFO	ru.sfedu.staff.StaffClient:30 - [Pupil adedd.]
06.02:08.45.10  INFO	ru.sfedu.staff.StaffClient:30 - [Event adedd.]
06.02:08.45.10  INFO	ru.sfedu.staff.StaffClient:30 - [Contract adedd.]
06.02:08.45.10  INFO	ru.sfedu.staff.StaffClient:229 - id - 111 name - Андрей surname - Тихонов middleName - Петрович telephone  - 84566543443 date_of_birth - 22.12.2001 paspN - 343434 paspS - 2334 degree - test category - test specialization - Информационные системы
06.02:08.45.10  INFO	ru.sfedu.staff.StaffClient:30 - [Teacher by name found.]
06.02:08.45.10  INFO	ru.sfedu.staff.StaffClient:30 - [Lesson by title found.]
06.02:08.45.10  INFO	ru.sfedu.staff.StaffClient:30 - [Lesson by title found.]
06.02:08.45.10  INFO	ru.sfedu.staff.StaffClient:30 - [Pupil by name found.]
06.02:08.45.10  INFO	ru.sfedu.staff.StaffClient:30 - [Events by this pupil and title found.]
06.02:08.45.10  INFO	ru.sfedu.staff.StaffClient:30 - [Contract by pupil and lesson found.]
06.02:08.45.10  INFO	ru.sfedu.staff.StaffClient:30 - [Информация о педогоге с id - 111 обновлена]
06.02:08.45.10  INFO	ru.sfedu.staff.StaffClient:30 - [Информация о ученике с id - 63 обновлена]
06.02:08.45.10  INFO	ru.sfedu.staff.StaffClient:30 - [Информация о занятии обновлена]
06.02:08.45.10  INFO	ru.sfedu.staff.StaffClient:30 - [Информация о ученике с id - 63 обновлена]
06.02:08.45.10  INFO	ru.sfedu.staff.StaffClient:30 - [Информация о конкурсе с id - 71 обновлена]
06.02:08.45.10  INFO	ru.sfedu.staff.StaffClient:30 - [Информация о контракте с id - 52 обновлена]
06.02:08.45.10  INFO	ru.sfedu.staff.StaffClient:30 - [Record successfully deleted.]
06.02:08.45.10  INFO	ru.sfedu.staff.StaffClient:30 - [Record successfully deleted.]
06.02:08.45.10  INFO	ru.sfedu.staff.StaffClient:30 - [Record successfully deleted.]
06.02:08.45.10  INFO	ru.sfedu.staff.StaffClient:30 - [Record successfully deleted.]
06.02:08.45.10  INFO	ru.sfedu.staff.StaffClient:30 - [Нет конкурса с таким id]
06.02:08.45.10  INFO	ru.sfedu.staff.StaffClient:30 - [Нет контракта с таким id]
06.02:11.19.35  INFO	ru.sfedu.staff.StaffClient:30 - [Teachers found.]
06.02:11.19.35  INFO	ru.sfedu.staff.StaffClient:30 - [Teachers found.]
06.02:11.19.39  INFO	ru.sfedu.staff.StaffClient:30 - [Lessons found.]
06.02:11.19.41  INFO	ru.sfedu.staff.StaffClient:30 - [Pupils found.]
06.02:11.19.41  INFO	ru.sfedu.staff.StaffClient:30 - [Count of pupils in free lessons found.]
06.02:11.19.41  INFO	ru.sfedu.staff.StaffClient:30 - [Count of pupils in paid lessons found.]
06.02:11.19.41  INFO	ru.sfedu.staff.StaffClient:30 - [Count of pupils in paid lessons found.]
06.02:11.19.43  INFO	ru.sfedu.staff.StaffClient:30 - [Events found.]
06.02:11.19.50  INFO	ru.sfedu.staff.StaffClient:30 - [Lessons found.]
06.02:11.19.50  INFO	ru.sfedu.staff.StaffClient:30 - [Lessons found.]
06.02:11.19.56  INFO	ru.sfedu.staff.StaffClient:30 - [Contracts by pupil found.]
06.02:11.20.00  INFO	ru.sfedu.staff.StaffClient:30 - [Events found.]
06.02:11.20.05  INFO	ru.sfedu.staff.StaffClient:30 - [Events by pupil found.]
06.02:11.20.07  INFO	ru.sfedu.staff.StaffClient:30 - [Count of pupils in free lessons found.]
06.02:11.20.07  INFO	ru.sfedu.staff.StaffClient:30 - [Count of pupils in paid lessons found.]
06.02:11.20.07  INFO	ru.sfedu.staff.StaffClient:30 - [Count of pupils in paid lessons found.]
06.02:11.20.07  INFO	ru.sfedu.staff.StaffClient:30 - [Pupils found.]
06.02:11.20.09  INFO	ru.sfedu.staff.StaffClient:30 - [Lessons found.]
06.02:11.20.15  INFO	ru.sfedu.staff.StaffClient:30 - [На занятие еще никто не записан]
06.02:11.20.26  INFO	ru.sfedu.staff.StaffClient:30 - [Lesson by title found.]
06.02:11.20.30  INFO	ru.sfedu.staff.StaffClient:30 - [Lessons found.]
06.02:11.20.31  INFO	ru.sfedu.staff.StaffClient:30 - [Teachers found.]
06.02:11.20.31  INFO	ru.sfedu.staff.StaffClient:30 - [Teachers found.]
06.05:20.53.09  INFO	ru.sfedu.staff.StaffClient:30 - [Teacher adedd.]
06.05:20.53.09  INFO	ru.sfedu.staff.StaffClient:30 - [Lesson adedd.]
06.05:20.53.09  INFO	ru.sfedu.staff.StaffClient:30 - [Lesson adedd.]
06.05:20.53.09  INFO	ru.sfedu.staff.StaffClient:30 - [Pupil adedd.]
06.05:20.53.09  INFO	ru.sfedu.staff.StaffClient:30 - [Event adedd.]
06.05:20.53.09  INFO	ru.sfedu.staff.StaffClient:30 - [Contract adedd.]
06.05:20.53.09  INFO	ru.sfedu.staff.StaffClient:229 - id - 112 name - Егор surname - Карпатов middleName - Генадьевич telephone  - 84566543443 date_of_birth - 22.12.2001 paspN - 343434 paspS - 2334 degree - test category - test specialization - Информационные системы
06.05:20.53.09  INFO	ru.sfedu.staff.StaffClient:30 - [Teacher by name found.]
06.05:20.53.09  INFO	ru.sfedu.staff.StaffClient:30 - [Lesson by title found.]
06.05:20.53.09  INFO	ru.sfedu.staff.StaffClient:30 - [Lesson by title found.]
06.05:20.53.09  INFO	ru.sfedu.staff.StaffClient:30 - [Pupil by name found.]
06.05:20.53.09  INFO	ru.sfedu.staff.StaffClient:30 - [Events by this pupil and title found.]
06.05:20.53.10  INFO	ru.sfedu.staff.StaffClient:30 - [Contract by pupil and lesson found.]
06.05:20.53.10  INFO	ru.sfedu.staff.StaffClient:30 - [Информация о педогоге с id - 112 обновлена]
06.05:20.53.10  INFO	ru.sfedu.staff.StaffClient:30 - [Информация о ученике с id - 64 обновлена]
06.05:20.53.10  INFO	ru.sfedu.staff.StaffClient:30 - [Информация о занятии обновлена]
06.05:20.53.10  INFO	ru.sfedu.staff.StaffClient:30 - [Информация о ученике с id - 64 обновлена]
06.05:20.53.10  INFO	ru.sfedu.staff.StaffClient:30 - [Информация о конкурсе с id - 72 обновлена]
06.05:20.53.10  INFO	ru.sfedu.staff.StaffClient:30 - [Информация о контракте с id - 53 обновлена]
06.05:20.53.10  INFO	ru.sfedu.staff.StaffClient:30 - [Record successfully deleted.]
06.05:20.53.10  INFO	ru.sfedu.staff.StaffClient:30 - [Record successfully deleted.]
06.05:20.53.10  INFO	ru.sfedu.staff.StaffClient:30 - [Record successfully deleted.]
06.05:20.53.10  INFO	ru.sfedu.staff.StaffClient:30 - [Record successfully deleted.]
06.05:20.53.10  INFO	ru.sfedu.staff.StaffClient:30 - [Нет конкурса с таким id]
06.05:20.53.10  INFO	ru.sfedu.staff.StaffClient:30 - [Нет контракта с таким id]
06.05:20.53.21  INFO	ru.sfedu.staff.StaffClient:30 - [Teacher adedd.]
06.05:20.53.21  INFO	ru.sfedu.staff.StaffClient:30 - [Lesson adedd.]
06.05:20.53.21  INFO	ru.sfedu.staff.StaffClient:30 - [Lesson adedd.]
06.05:20.53.21  INFO	ru.sfedu.staff.StaffClient:30 - [Pupil adedd.]
06.05:20.53.21  INFO	ru.sfedu.staff.StaffClient:30 - [Event adedd.]
06.05:20.53.21  INFO	ru.sfedu.staff.StaffClient:30 - [Contract adedd.]
06.05:20.53.21  INFO	ru.sfedu.staff.StaffClient:229 - id - 113 name - Игорь surname - Тихонов middleName - Иванович telephone  - 84566543443 date_of_birth - 22.12.2001 paspN - 343434 paspS - 2334 degree - test category - test specialization - История
06.05:20.53.22  INFO	ru.sfedu.staff.StaffClient:30 - [Teacher by name found.]
06.05:20.53.22  INFO	ru.sfedu.staff.StaffClient:30 - [Lesson by title found.]
06.05:20.53.22  INFO	ru.sfedu.staff.StaffClient:30 - [Lesson by title found.]
06.05:20.53.22  INFO	ru.sfedu.staff.StaffClient:30 - [Pupil by name found.]
06.05:20.53.22  INFO	ru.sfedu.staff.StaffClient:30 - [Events by this pupil and title found.]
06.05:20.53.22  INFO	ru.sfedu.staff.StaffClient:30 - [Contract by pupil and lesson found.]
06.05:20.53.22  INFO	ru.sfedu.staff.StaffClient:30 - [Информация о педогоге с id - 113 обновлена]
06.05:20.53.22  INFO	ru.sfedu.staff.StaffClient:30 - [Информация о ученике с id - 65 обновлена]
06.05:20.53.22  INFO	ru.sfedu.staff.StaffClient:30 - [Информация о занятии обновлена]
06.05:20.53.22  INFO	ru.sfedu.staff.StaffClient:30 - [Информация о ученике с id - 65 обновлена]
06.05:20.53.22  INFO	ru.sfedu.staff.StaffClient:30 - [Информация о конкурсе с id - 73 обновлена]
06.05:20.53.22  INFO	ru.sfedu.staff.StaffClient:30 - [Информация о контракте с id - 54 обновлена]
06.05:20.53.22  INFO	ru.sfedu.staff.StaffClient:30 - [Record successfully deleted.]
06.05:20.53.22  INFO	ru.sfedu.staff.StaffClient:30 - [Record successfully deleted.]
06.05:20.53.22  INFO	ru.sfedu.staff.StaffClient:30 - [Record successfully deleted.]
06.05:20.53.22  INFO	ru.sfedu.staff.StaffClient:30 - [Record successfully deleted.]
06.05:20.53.22  INFO	ru.sfedu.staff.StaffClient:30 - [Нет конкурса с таким id]
06.05:20.53.22  INFO	ru.sfedu.staff.StaffClient:30 - [Нет контракта с таким id]
06.05:20.53.33  INFO	ru.sfedu.staff.StaffClient:30 - [Teacher adedd.]
06.05:20.53.33  INFO	ru.sfedu.staff.StaffClient:30 - [Lesson adedd.]
06.05:20.53.33  INFO	ru.sfedu.staff.StaffClient:30 - [Lesson adedd.]
06.05:20.53.33  INFO	ru.sfedu.staff.StaffClient:30 - [Pupil adedd.]
06.05:20.53.33  INFO	ru.sfedu.staff.StaffClient:30 - [Event adedd.]
06.05:20.53.33  INFO	ru.sfedu.staff.StaffClient:30 - [Contract adedd.]
06.05:20.53.33  INFO	ru.sfedu.staff.StaffClient:229 - id - 114 name - Игнат surname - Петров middleName - Иванович telephone  - 84566543443 date_of_birth - 22.12.2001 paspN - 343434 paspS - 2334 degree - test category - test specialization - Математика
06.05:20.53.33  INFO	ru.sfedu.staff.StaffClient:30 - [Teacher by name found.]
06.05:20.53.33  INFO	ru.sfedu.staff.StaffClient:30 - [Lesson by title found.]
06.05:20.53.33  INFO	ru.sfedu.staff.StaffClient:30 - [Lesson by title found.]
06.05:20.53.33  INFO	ru.sfedu.staff.StaffClient:30 - [Pupil by name found.]
06.05:20.53.33  INFO	ru.sfedu.staff.StaffClient:30 - [Events by this pupil and title found.]
06.05:20.53.33  INFO	ru.sfedu.staff.StaffClient:30 - [Contract by pupil and lesson found.]
06.05:20.53.33  INFO	ru.sfedu.staff.StaffClient:30 - [Информация о педогоге с id - 114 обновлена]
06.05:20.53.33  INFO	ru.sfedu.staff.StaffClient:30 - [Информация о ученике с id - 66 обновлена]
06.05:20.53.33  INFO	ru.sfedu.staff.StaffClient:30 - [Информация о занятии обновлена]
06.05:20.53.33  INFO	ru.sfedu.staff.StaffClient:30 - [Информация о ученике с id - 66 обновлена]
06.05:20.53.33  INFO	ru.sfedu.staff.StaffClient:30 - [Информация о конкурсе с id - 74 обновлена]
06.05:20.53.33  INFO	ru.sfedu.staff.StaffClient:30 - [Информация о контракте с id - 55 обновлена]
06.05:20.53.33  INFO	ru.sfedu.staff.StaffClient:30 - [Record successfully deleted.]
06.05:20.53.33  INFO	ru.sfedu.staff.StaffClient:30 - [Record successfully deleted.]
06.05:20.53.33  INFO	ru.sfedu.staff.StaffClient:30 - [Record successfully deleted.]
06.05:20.53.33  INFO	ru.sfedu.staff.StaffClient:30 - [Record successfully deleted.]
06.05:20.53.33  INFO	ru.sfedu.staff.StaffClient:30 - [Нет конкурса с таким id]
06.05:20.53.33  INFO	ru.sfedu.staff.StaffClient:30 - [Нет контракта с таким id]
06.05:20.53.51  INFO	ru.sfedu.staff.StaffClient:30 - [Teacher adedd.]
06.05:20.53.51  INFO	ru.sfedu.staff.StaffClient:30 - [Lesson adedd.]
06.05:20.53.51  INFO	ru.sfedu.staff.StaffClient:30 - [Lesson adedd.]
06.05:20.53.51  INFO	ru.sfedu.staff.StaffClient:30 - [Pupil adedd.]
06.05:20.53.51  INFO	ru.sfedu.staff.StaffClient:30 - [Event adedd.]
06.05:20.53.51  INFO	ru.sfedu.staff.StaffClient:30 - [Contract adedd.]
06.05:20.53.51  INFO	ru.sfedu.staff.StaffClient:229 - id - 115 name - Генадий surname - Карпатов middleName - Андреевич telephone  - 84566543443 date_of_birth - 22.12.2001 paspN - 343434 paspS - 2334 degree - test category - test specialization - Математика
06.05:20.53.51  INFO	ru.sfedu.staff.StaffClient:30 - [Teacher by name found.]
06.05:20.53.51  INFO	ru.sfedu.staff.StaffClient:30 - [Lesson by title found.]
06.05:20.53.51  INFO	ru.sfedu.staff.StaffClient:30 - [Lesson by title found.]
06.05:20.53.51  INFO	ru.sfedu.staff.StaffClient:30 - [Pupil by name found.]
06.05:20.53.51  INFO	ru.sfedu.staff.StaffClient:30 - [Events by this pupil and title found.]
06.05:20.53.51  INFO	ru.sfedu.staff.StaffClient:30 - [Contract by pupil and lesson found.]
06.05:20.53.51  INFO	ru.sfedu.staff.StaffClient:30 - [Информация о педогоге с id - 115 обновлена]
06.05:20.53.51  INFO	ru.sfedu.staff.StaffClient:30 - [Информация о ученике с id - 67 обновлена]
06.05:20.53.51  INFO	ru.sfedu.staff.StaffClient:30 - [Информация о занятии обновлена]
06.05:20.53.51  INFO	ru.sfedu.staff.StaffClient:30 - [Информация о ученике с id - 67 обновлена]
06.05:20.53.51  INFO	ru.sfedu.staff.StaffClient:30 - [Информация о конкурсе с id - 75 обновлена]
06.05:20.53.51  INFO	ru.sfedu.staff.StaffClient:30 - [Информация о контракте с id - 56 обновлена]
06.05:20.53.51  INFO	ru.sfedu.staff.StaffClient:30 - [Record successfully deleted.]
06.05:20.53.51  INFO	ru.sfedu.staff.StaffClient:30 - [Record successfully deleted.]
06.05:20.53.51  INFO	ru.sfedu.staff.StaffClient:30 - [Record successfully deleted.]
06.05:20.53.51  INFO	ru.sfedu.staff.StaffClient:30 - [Record successfully deleted.]
06.05:20.53.51  INFO	ru.sfedu.staff.StaffClient:30 - [Нет конкурса с таким id]
06.05:20.53.51  INFO	ru.sfedu.staff.StaffClient:30 - [Нет контракта с таким id]
06.06:09.08.24  INFO	ru.sfedu.staff.StaffClient:30 - [Teacher adedd.]
06.06:09.08.24  INFO	ru.sfedu.staff.StaffClient:30 - [Lesson adedd.]
06.06:09.08.24  INFO	ru.sfedu.staff.StaffClient:30 - [Lesson adedd.]
06.06:09.08.24  INFO	ru.sfedu.staff.StaffClient:30 - [Pupil adedd.]
06.06:09.08.24  INFO	ru.sfedu.staff.StaffClient:30 - [Event adedd.]
06.06:09.08.24  INFO	ru.sfedu.staff.StaffClient:30 - [Contract adedd.]
06.06:09.08.24  INFO	ru.sfedu.staff.StaffClient:229 - id - 116 name - Игорь surname - Некрасов middleName - Иванович telephone  - 84566543443 date_of_birth - 22.12.2001 paspN - 343434 paspS - 2334 degree - test category - test specialization - Биология
06.06:09.08.24  INFO	ru.sfedu.staff.StaffClient:30 - [Teacher by name found.]
06.06:09.08.24  INFO	ru.sfedu.staff.StaffClient:30 - [Lesson by title found.]
06.06:09.08.24  INFO	ru.sfedu.staff.StaffClient:30 - [Lesson by title found.]
06.06:09.08.24  INFO	ru.sfedu.staff.StaffClient:30 - [Pupil by name found.]
06.06:09.08.24  INFO	ru.sfedu.staff.StaffClient:30 - [Events by this pupil and title found.]
06.06:09.08.24  INFO	ru.sfedu.staff.StaffClient:30 - [Contract by pupil and lesson found.]
06.06:09.08.24  INFO	ru.sfedu.staff.StaffClient:30 - [Информация о педогоге с id - 116 обновлена]
06.06:09.08.24  INFO	ru.sfedu.staff.StaffClient:30 - [Информация о ученике с id - 68 обновлена]
06.06:09.08.24  INFO	ru.sfedu.staff.StaffClient:30 - [Информация о занятии обновлена]
06.06:09.08.24  INFO	ru.sfedu.staff.StaffClient:30 - [Информация о ученике с id - 68 обновлена]
06.06:09.08.24  INFO	ru.sfedu.staff.StaffClient:30 - [Информация о конкурсе с id - 76 обновлена]
06.06:09.08.24  INFO	ru.sfedu.staff.StaffClient:30 - [Информация о контракте с id - 57 обновлена]
06.06:09.08.24  INFO	ru.sfedu.staff.StaffClient:30 - [Record successfully deleted.]
06.06:09.08.24  INFO	ru.sfedu.staff.StaffClient:30 - [Record successfully deleted.]
06.06:09.08.24  INFO	ru.sfedu.staff.StaffClient:30 - [Record successfully deleted.]
06.06:09.08.24  INFO	ru.sfedu.staff.StaffClient:30 - [Record successfully deleted.]
06.06:09.08.24  INFO	ru.sfedu.staff.StaffClient:30 - [Нет конкурса с таким id]
06.06:09.08.24  INFO	ru.sfedu.staff.StaffClient:30 - [Нет контракта с таким id]
06.06:09.08.42  INFO	ru.sfedu.staff.StaffClient:30 - [Teacher adedd.]
06.06:09.08.42  INFO	ru.sfedu.staff.StaffClient:30 - [Lesson adedd.]
06.06:09.08.42  INFO	ru.sfedu.staff.StaffClient:30 - [Lesson adedd.]
06.06:09.08.42  INFO	ru.sfedu.staff.StaffClient:30 - [Pupil adedd.]
06.06:09.08.42  INFO	ru.sfedu.staff.StaffClient:30 - [Event adedd.]
06.06:09.08.42  INFO	ru.sfedu.staff.StaffClient:30 - [Contract adedd.]
06.06:09.08.42  INFO	ru.sfedu.staff.StaffClient:229 - id - 117 name - Олег surname - Петров middleName - Иванович telephone  - 84566543443 date_of_birth - 22.12.2001 paspN - 343434 paspS - 2334 degree - test category - test specialization - География
06.06:09.08.42  INFO	ru.sfedu.staff.StaffClient:30 - [Teacher by name found.]
06.06:09.08.42  INFO	ru.sfedu.staff.StaffClient:30 - [Lesson by title found.]
06.06:09.08.42  INFO	ru.sfedu.staff.StaffClient:30 - [Lesson by title found.]
06.06:09.08.42  INFO	ru.sfedu.staff.StaffClient:30 - [Pupil by name found.]
06.06:09.08.42  INFO	ru.sfedu.staff.StaffClient:30 - [Events by this pupil and title found.]
06.06:09.08.42  INFO	ru.sfedu.staff.StaffClient:30 - [Contract by pupil and lesson found.]
06.06:09.08.42  INFO	ru.sfedu.staff.StaffClient:30 - [Информация о педогоге с id - 117 обновлена]
06.06:09.08.42  INFO	ru.sfedu.staff.StaffClient:30 - [Информация о ученике с id - 69 обновлена]
06.06:09.08.42  INFO	ru.sfedu.staff.StaffClient:30 - [Информация о занятии обновлена]
06.06:09.08.42  INFO	ru.sfedu.staff.StaffClient:30 - [Информация о ученике с id - 69 обновлена]
06.06:09.08.42  INFO	ru.sfedu.staff.StaffClient:30 - [Информация о конкурсе с id - 77 обновлена]
06.06:09.08.42  INFO	ru.sfedu.staff.StaffClient:30 - [Информация о контракте с id - 58 обновлена]
06.06:09.08.42  INFO	ru.sfedu.staff.StaffClient:30 - [Record successfully deleted.]
06.06:09.08.42  INFO	ru.sfedu.staff.StaffClient:30 - [Record successfully deleted.]
06.06:09.08.43  INFO	ru.sfedu.staff.StaffClient:30 - [Record successfully deleted.]
06.06:09.08.43  INFO	ru.sfedu.staff.StaffClient:30 - [Record successfully deleted.]
06.06:09.08.43  INFO	ru.sfedu.staff.StaffClient:30 - [Нет конкурса с таким id]
06.06:09.08.43  INFO	ru.sfedu.staff.StaffClient:30 - [Нет контракта с таким id]
06.06:10.14.24  INFO	ru.sfedu.staff.StaffClient:30 - [Teacher adedd.]
06.06:10.14.24  INFO	ru.sfedu.staff.StaffClient:30 - [Lesson adedd.]
06.06:10.14.24  INFO	ru.sfedu.staff.StaffClient:30 - [Lesson adedd.]
06.06:10.14.24  INFO	ru.sfedu.staff.StaffClient:30 - [Pupil adedd.]
06.06:10.14.24  INFO	ru.sfedu.staff.StaffClient:30 - [Event adedd.]
06.06:10.14.24  INFO	ru.sfedu.staff.StaffClient:30 - [Contract adedd.]
06.06:10.14.24  INFO	ru.sfedu.staff.StaffClient:229 - id - 118 name - Игорь surname - Тихонов middleName - Петрович telephone  - 84566543443 date_of_birth - 22.12.2001 paspN - 343434 paspS - 2334 degree - test category - test specialization - Информационные системы
06.06:10.14.24  INFO	ru.sfedu.staff.StaffClient:30 - [Teacher by name found.]
06.06:10.14.24  INFO	ru.sfedu.staff.StaffClient:30 - [Lesson by title found.]
06.06:10.14.24  INFO	ru.sfedu.staff.StaffClient:30 - [Lesson by title found.]
06.06:10.14.24  INFO	ru.sfedu.staff.StaffClient:30 - [Pupil by name found.]
06.06:10.14.24  INFO	ru.sfedu.staff.StaffClient:30 - [Events by this pupil and title found.]
06.06:10.14.24  INFO	ru.sfedu.staff.StaffClient:30 - [Contract by pupil and lesson found.]
06.06:10.14.24  INFO	ru.sfedu.staff.StaffClient:30 - [Информация о педогоге с id - 118 обновлена]
06.06:10.14.24  INFO	ru.sfedu.staff.StaffClient:30 - [Информация о ученике с id - 70 обновлена]
06.06:10.14.24  INFO	ru.sfedu.staff.StaffClient:30 - [Информация о занятии обновлена]
06.06:10.14.24  INFO	ru.sfedu.staff.StaffClient:30 - [Информация о ученике с id - 70 обновлена]
06.06:10.14.24  INFO	ru.sfedu.staff.StaffClient:30 - [Информация о конкурсе с id - 78 обновлена]
06.06:10.14.24  INFO	ru.sfedu.staff.StaffClient:30 - [Информация о контракте с id - 59 обновлена]
06.06:10.14.24  INFO	ru.sfedu.staff.StaffClient:30 - [Record successfully deleted.]
06.06:10.14.24  INFO	ru.sfedu.staff.StaffClient:30 - [Record successfully deleted.]
06.06:10.14.24  INFO	ru.sfedu.staff.StaffClient:30 - [Record successfully deleted.]
06.06:10.14.24  INFO	ru.sfedu.staff.StaffClient:30 - [Record successfully deleted.]
06.06:10.14.24  INFO	ru.sfedu.staff.StaffClient:30 - [Нет конкурса с таким id]
06.06:10.14.24  INFO	ru.sfedu.staff.StaffClient:30 - [Нет контракта с таким id]
06.06:10.14.37  INFO	ru.sfedu.staff.StaffClient:30 - [Teacher adedd.]
06.06:10.14.37  INFO	ru.sfedu.staff.StaffClient:30 - [Lesson adedd.]
06.06:10.14.37  INFO	ru.sfedu.staff.StaffClient:30 - [Lesson adedd.]
06.06:10.14.37  INFO	ru.sfedu.staff.StaffClient:30 - [Pupil adedd.]
06.06:10.14.37  INFO	ru.sfedu.staff.StaffClient:30 - [Event adedd.]
06.06:10.14.37  INFO	ru.sfedu.staff.StaffClient:30 - [Contract adedd.]
06.06:10.14.37  INFO	ru.sfedu.staff.StaffClient:229 - id - 119 name - Андрей surname - Некрасов middleName - Андреевич telephone  - 84566543443 date_of_birth - 22.12.2001 paspN - 343434 paspS - 2334 degree - test category - test specialization - Математика
06.06:10.14.37  INFO	ru.sfedu.staff.StaffClient:30 - [Teacher by name found.]
06.06:10.14.37  INFO	ru.sfedu.staff.StaffClient:30 - [Lesson by title found.]
06.06:10.14.37  INFO	ru.sfedu.staff.StaffClient:30 - [Lesson by title found.]
06.06:10.14.37  INFO	ru.sfedu.staff.StaffClient:30 - [Pupil by name found.]
06.06:10.14.37  INFO	ru.sfedu.staff.StaffClient:30 - [Events by this pupil and title found.]
06.06:10.14.38  INFO	ru.sfedu.staff.StaffClient:30 - [Contract by pupil and lesson found.]
06.06:10.14.38  INFO	ru.sfedu.staff.StaffClient:30 - [Информация о педогоге с id - 119 обновлена]
06.06:10.14.38  INFO	ru.sfedu.staff.StaffClient:30 - [Информация о ученике с id - 71 обновлена]
06.06:10.14.38  INFO	ru.sfedu.staff.StaffClient:30 - [Информация о занятии обновлена]
06.06:10.14.38  INFO	ru.sfedu.staff.StaffClient:30 - [Информация о ученике с id - 71 обновлена]
06.06:10.14.38  INFO	ru.sfedu.staff.StaffClient:30 - [Информация о конкурсе с id - 79 обновлена]
06.06:10.14.38  INFO	ru.sfedu.staff.StaffClient:30 - [Информация о контракте с id - 60 обновлена]
06.06:10.14.38  INFO	ru.sfedu.staff.StaffClient:30 - [Record successfully deleted.]
06.06:10.14.38  INFO	ru.sfedu.staff.StaffClient:30 - [Record successfully deleted.]
06.06:10.14.38  INFO	ru.sfedu.staff.StaffClient:30 - [Record successfully deleted.]
06.06:10.14.38  INFO	ru.sfedu.staff.StaffClient:30 - [Record successfully deleted.]
06.06:10.14.38  INFO	ru.sfedu.staff.StaffClient:30 - [Нет конкурса с таким id]
06.06:10.14.38  INFO	ru.sfedu.staff.StaffClient:30 - [Нет контракта с таким id]
06.06:10.27.58  INFO	ru.sfedu.staff.StaffClient:30 - [Teacher adedd.]
06.06:10.27.58  INFO	ru.sfedu.staff.StaffClient:30 - [Lesson adedd.]
06.06:10.27.58  INFO	ru.sfedu.staff.StaffClient:30 - [Lesson adedd.]
06.06:10.27.58  INFO	ru.sfedu.staff.StaffClient:30 - [Pupil adedd.]
06.06:10.27.58  INFO	ru.sfedu.staff.StaffClient:30 - [Event adedd.]
06.06:10.27.58  INFO	ru.sfedu.staff.StaffClient:30 - [Contract adedd.]
06.06:10.27.58  INFO	ru.sfedu.staff.StaffClient:229 - id - 120 name - Тимур surname - Петров middleName - Владимирович telephone  - 84566543443 date_of_birth - 22.12.2001 paspN - 343434 paspS - 2334 degree - test category - test specialization - География
06.06:10.27.58  INFO	ru.sfedu.staff.StaffClient:30 - [Teacher by name found.]
06.06:10.27.58  INFO	ru.sfedu.staff.StaffClient:30 - [Lesson by title found.]
06.06:10.27.58  INFO	ru.sfedu.staff.StaffClient:30 - [Lesson by title found.]
06.06:10.27.58  INFO	ru.sfedu.staff.StaffClient:30 - [Pupil by name found.]
06.06:10.27.58  INFO	ru.sfedu.staff.StaffClient:30 - [Events by this pupil and title found.]
06.06:10.27.58  INFO	ru.sfedu.staff.StaffClient:30 - [Contract by pupil and lesson found.]
06.06:10.27.58  INFO	ru.sfedu.staff.StaffClient:30 - [Информация о педогоге с id - 120 обновлена]
06.06:10.27.58  INFO	ru.sfedu.staff.StaffClient:30 - [Информация о ученике с id - 72 обновлена]
06.06:10.27.58  INFO	ru.sfedu.staff.StaffClient:30 - [Информация о занятии обновлена]
06.06:10.27.58  INFO	ru.sfedu.staff.StaffClient:30 - [Информация о ученике с id - 72 обновлена]
06.06:10.27.58  INFO	ru.sfedu.staff.StaffClient:30 - [Информация о конкурсе с id - 80 обновлена]
06.06:10.27.58  INFO	ru.sfedu.staff.StaffClient:30 - [Информация о контракте с id - 61 обновлена]
06.06:10.27.58  INFO	ru.sfedu.staff.StaffClient:30 - [Record successfully deleted.]
06.06:10.27.58  INFO	ru.sfedu.staff.StaffClient:30 - [Record successfully deleted.]
06.06:10.27.58  INFO	ru.sfedu.staff.StaffClient:30 - [Record successfully deleted.]
06.06:10.27.58  INFO	ru.sfedu.staff.StaffClient:30 - [Record successfully deleted.]
06.06:10.27.58  INFO	ru.sfedu.staff.StaffClient:30 - [Нет конкурса с таким id]
06.06:10.27.58  INFO	ru.sfedu.staff.StaffClient:30 - [Нет контракта с таким id]
08.15:14.26.10  INFO	ru.sfedu.staff.StaffClient:30 - [Lessons found.]
08.15:14.26.47  INFO	ru.sfedu.staff.StaffClient:30 - [Lessons found.]
08.15:14.27.12  INFO	ru.sfedu.staff.StaffClient:30 - [Lessons found.]
08.15:14.27.16  INFO	ru.sfedu.staff.StaffClient:30 - [Lessons found.]
08.15:14.28.21  INFO	ru.sfedu.staff.StaffClient:30 - [Lessons found.]
08.15:14.31.05  INFO	ru.sfedu.staff.StaffClient:30 - [Lessons found.]
08.15:14.34.44  INFO	ru.sfedu.staff.StaffClient:30 - [Lessons found.]
08.15:14.35.36  INFO	ru.sfedu.staff.StaffClient:30 - [Lessons found.]
08.15:14.35.41  INFO	ru.sfedu.staff.StaffClient:30 - [Lessons found.]
08.15:14.36.08  INFO	ru.sfedu.staff.StaffClient:30 - [Lessons found.]
08.15:14.44.03  INFO	ru.sfedu.staff.StaffClient:30 - [Lessons found.]
08.15:14.44.26  INFO	ru.sfedu.staff.StaffClient:30 - [Lessons found.]
08.15:14.48.00  INFO	ru.sfedu.staff.StaffClient:30 - [Lessons found.]
08.15:14.48.52  INFO	ru.sfedu.staff.StaffClient:30 - [Lessons found.]
08.15:14.50.33  INFO	ru.sfedu.staff.StaffClient:30 - [Lessons found.]
08.15:14.54.44  INFO	ru.sfedu.staff.StaffClient:30 - [Lessons found.]
08.15:14.58.57  INFO	ru.sfedu.staff.StaffClient:30 - [Lessons found.]
08.15:15.01.44  INFO	ru.sfedu.staff.StaffClient:30 - [Lessons found.]
08.15:15.02.24  INFO	ru.sfedu.staff.StaffClient:30 - [Lessons found.]
08.15:15.02.40  INFO	ru.sfedu.staff.StaffClient:30 - [Lessons found.]
08.15:15.04.14  INFO	ru.sfedu.staff.StaffClient:30 - [Lessons found.]
08.15:15.05.08  INFO	ru.sfedu.staff.StaffClient:30 - [Lessons found.]
08.15:15.06.06  INFO	ru.sfedu.staff.StaffClient:30 - [Lessons found.]
